<?xml version="1.0" encoding="utf-8"?><testsuites name="pytest tests"><testsuite name="pytest" errors="0" failures="0" skipped="0" tests="12" time="4.745" timestamp="2026-05-07T00:49:02.323825+00:00" hostname="agent-env-bd7a3b39-869d-486a-951f-0572fc8b83ec"><testcase classname="backend.tests.test_iter11_team_portal.TestTeamManagement" name="test_list_users" time="0.427" /><testcase classname="backend.tests.test_iter11_team_portal.TestTeamManagement" name="test_invite_requires_auth" time="0.132" /><testcase classname="backend.tests.test_iter11_team_portal.TestTeamManagement" name="test_invite_rejects_invalid_role" time="0.148" /><testcase classname="backend.tests.test_iter11_team_portal.TestTeamManagement" name="test_invite_rejects_unknown_role" time="0.128" /><testcase classname="backend.tests.test_iter11_team_portal.TestTeamManagement" name="test_full_invite_flow" time="2.584" /><testcase classname="backend.tests.test_iter11_team_portal.TestTeamManagement" name="test_revoke_invite" time="0.474" /><testcase classname="backend.tests.test_iter11_team_portal.TestStripePortal" name="test_portal_requires_owner" time="0.142" /><testcase classname="backend.tests.test_iter11_team_portal.TestStripePortal" name="test_portal_requires_auth" time="0.135" /><testcase classname="backend.tests.test_iter11_team_portal.TestRegressionSmoke" name="test_plans_reachable" time="0.138" /><testcase classname="backend.tests.test_iter11_team_portal.TestRegressionSmoke" name="test_billing_info_owner" time="0.143" /><testcase classname="backend.tests.test_iter11_team_portal.TestRegressionSmoke" name="test_dashboard_stats" time="0.129" /><testcase classname="backend.tests.test_iter11_team_portal.TestRegressionSmoke" name="test_audit_log" time="0.130" /></testsuite></testsuites>