<?xml version="1.0" encoding="utf-8"?><testsuites name="pytest tests"><testsuite name="pytest" errors="0" failures="0" skipped="0" tests="17" time="3.223" timestamp="2026-05-23T00:02:53.496490+00:00" hostname="agent-env-bd7a3b39-869d-486a-951f-0572fc8b83ec"><testcase classname="backend.tests.test_iter15_trust_badge_pricing.TestPricing" name="test_plans_endpoint_pricing" time="0.511" /><testcase classname="backend.tests.test_iter15_trust_badge_pricing.TestTrustBadgeOwner" name="test_requires_auth" time="0.119" /><testcase classname="backend.tests.test_iter15_trust_badge_pricing.TestTrustBadgeOwner" name="test_owner_view_returns_badge" time="0.058" /><testcase classname="backend.tests.test_iter15_trust_badge_pricing.TestTrustBadgeOwner" name="test_no_company_returns_400" time="0.436" /><testcase classname="backend.tests.test_iter15_trust_badge_pricing.TestPublicVerify" name="test_verify_ok_no_auth" time="0.111" /><testcase classname="backend.tests.test_iter15_trust_badge_pricing.TestPublicVerify" name="test_verify_invalid_badge_404" time="0.130" /><testcase classname="backend.tests.test_iter15_trust_badge_pricing.TestBadgeSVG" name="test_svg_returns_image" time="0.206" /><testcase classname="backend.tests.test_iter15_trust_badge_pricing.TestBadgeSVG" name="test_svg_invalid_returns_404_with_invalid_text" time="0.109" /><testcase classname="backend.tests.test_iter15_trust_badge_pricing.TestVerifyPageHTML" name="test_html_page_renders" time="0.115" /><testcase classname="backend.tests.test_iter15_trust_badge_pricing.TestVerifyPageHTML" name="test_html_invalid_404" time="0.112" /><testcase classname="backend.tests.test_iter15_trust_badge_pricing.TestTierEscalation" name="test_enable_2fa_escalates_attestation" time="0.227" /><testcase classname="backend.tests.test_iter15_trust_badge_pricing.TestBadgeDeterminism" name="test_same_company_same_badge_id" time="0.101" /><testcase classname="backend.tests.test_iter15_trust_badge_pricing.TestBadgeDeterminism" name="test_different_companies_different_badge_ids" time="0.774" /><testcase classname="backend.tests.test_iter15_trust_badge_pricing.TestBadgeDeterminism" name="test_badge_id_format" time="0.000" /><testcase classname="backend.tests.test_iter15_trust_badge_pricing.TestRegression" name="test_auth_me" time="0.052" /><testcase classname="backend.tests.test_iter15_trust_badge_pricing.TestRegression" name="test_company_endpoint" time="0.051" /><testcase classname="backend.tests.test_iter15_trust_badge_pricing.TestRegression" name="test_employees_endpoint" time="0.056" /></testsuite></testsuites>