<?xml version="1.0" encoding="utf-8"?><testsuites name="pytest tests"><testsuite name="pytest" errors="0" failures="0" skipped="1" tests="11" time="2.698" timestamp="2026-05-08T00:24:24.482780+00:00" hostname="agent-env-bd7a3b39-869d-486a-951f-0572fc8b83ec"><testcase classname="tests.test_iter12_trial_paywall.TestTrialAutoStart" name="test_register_sets_trial_active" time="0.469" /><testcase classname="tests.test_iter12_trial_paywall.TestTrialAutoStart" name="test_sandbox_does_not_set_trial" time="0.232" /><testcase classname="tests.test_iter12_trial_paywall.TestPayslipDownloadGate" name="test_download_blocked_during_trial" time="0.221" /><testcase classname="tests.test_iter12_trial_paywall.TestPayslipDownloadGate" name="test_checkout_payslip_blocked_during_trial" time="0.076" /><testcase classname="tests.test_iter12_trial_paywall.TestPayslipDownloadGate" name="test_self_service_download_blocked_during_trial" time="0.073" /><testcase classname="tests.test_iter12_trial_paywall.TestPostTrialPaywall" name="test_status_after_expiry" time="0.077" /><testcase classname="tests.test_iter12_trial_paywall.TestPostTrialPaywall" name="test_download_returns_402_after_trial" time="0.218" /><testcase classname="tests.test_iter12_trial_paywall.TestPostTrialPaywall" name="test_checkout_payslip_returns_stripe_url" time="0.815" /><testcase classname="tests.test_iter12_trial_paywall.TestDownloadPass" name="test_pass_grants_access" time="0.182" /><testcase classname="tests.test_iter12_trial_paywall.TestScheduler" name="test_scheduler_has_4_jobs" time="0.038" /><testcase classname="tests.test_iter12_trial_paywall.TestSandboxDownloadsAllowed" name="test_sandbox_can_download_payslip" time="0.158"><skipped type="pytest.xfail" message="BUG: sandbox/demo companies are not bypassed in DownloadGateService.check_access — returns 402 instead of 200" /></testcase></testsuite></testsuites>