<?xml version="1.0" encoding="utf-8"?><testsuites name="pytest tests"><testsuite name="pytest" errors="0" failures="0" skipped="0" tests="12" time="3.629" timestamp="2026-05-07T00:12:16.550965+00:00" hostname="agent-env-bd7a3b39-869d-486a-951f-0572fc8b83ec"><testcase classname="tests.test_iter10_sandbox_studentloan.TestSandboxDemo" name="test_sandbox_endpoint_no_auth_required" time="0.197" /><testcase classname="tests.test_iter10_sandbox_studentloan.TestSandboxDemo" name="test_sandbox_token_works_as_bearer" time="0.204" /><testcase classname="tests.test_iter10_sandbox_studentloan.TestSandboxDemo" name="test_sandbox_company_is_seeded" time="0.460" /><testcase classname="tests.test_iter10_sandbox_studentloan.TestSandboxDemo" name="test_sandbox_cleanup_idempotent" time="0.285" /><testcase classname="tests.test_iter10_sandbox_studentloan.TestEmployeeModelFields" name="test_create_employee_with_immigration_and_loan_fields" time="0.540" /><testcase classname="tests.test_iter10_sandbox_studentloan.TestEmployeeModelFields" name="test_get_employee_returns_persisted_fields" time="0.159" /><testcase classname="tests.test_iter10_sandbox_studentloan.TestEmployeeModelFields" name="test_ukvi_salary_threshold_breach_via_crud" time="0.304" /><testcase classname="tests.test_iter10_sandbox_studentloan.TestCompanyResponseModel" name="test_company_returns_hmrc_and_sponsor_fields" time="0.302" /><testcase classname="tests.test_iter10_sandbox_studentloan.TestStudentLoanPayroll" name="test_payslip_includes_student_loan" time="0.484" /><testcase classname="tests.test_iter10_sandbox_studentloan.TestRegressionSmoke" name="test_health" time="0.130" /><testcase classname="tests.test_iter10_sandbox_studentloan.TestRegressionSmoke" name="test_demo_seed_still_works" time="0.141" /><testcase classname="tests.test_iter10_sandbox_studentloan.TestRegressionSmoke" name="test_auth_login_existing_user_or_skip" time="0.375" /></testsuite></testsuites>