<?xml version="1.0" encoding="utf-8"?><testsuites name="pytest tests"><testsuite name="pytest" errors="0" failures="0" skipped="0" tests="30" time="3.388" timestamp="2026-05-06T05:58:18.128336+00:00" hostname="agent-env-bd7a3b39-869d-486a-951f-0572fc8b83ec"><testcase classname="backend.tests.test_billing_statutory_offboarding_apis.TestStatutory" name="test_rates_public" time="0.217" /><testcase classname="backend.tests.test_billing_statutory_offboarding_apis.TestStatutory" name="test_active_requires_auth" time="0.046" /><testcase classname="backend.tests.test_billing_statutory_offboarding_apis.TestStatutory" name="test_active_with_auth" time="0.326" /><testcase classname="backend.tests.test_billing_statutory_offboarding_apis.TestStatutory" name="test_employee_listing" time="0.101" /><testcase classname="backend.tests.test_billing_statutory_offboarding_apis.TestStatutory" name="test_eps_summary" time="0.049" /><testcase classname="backend.tests.test_billing_statutory_offboarding_apis.TestStatutory" name="test_ssp_calculate" time="0.047" /><testcase classname="backend.tests.test_billing_statutory_offboarding_apis.TestStatutory" name="test_smp_calculate" time="0.048" /><testcase classname="backend.tests.test_billing_statutory_offboarding_apis.TestStatutory" name="test_spp_calculate" time="0.051" /><testcase classname="backend.tests.test_billing_statutory_offboarding_apis.TestStatutory" name="test_record_statutory_payment" time="0.048" /><testcase classname="backend.tests.test_billing_statutory_offboarding_apis.TestBilling" name="test_get_plans_requires_auth" time="0.114" /><testcase classname="backend.tests.test_billing_statutory_offboarding_apis.TestBilling" name="test_get_plans" time="0.052" /><testcase classname="backend.tests.test_billing_statutory_offboarding_apis.TestBilling" name="test_billing_info" time="0.051" /><testcase classname="backend.tests.test_billing_statutory_offboarding_apis.TestBilling" name="test_subscription_checkout_creates_session" time="0.594" /><testcase classname="backend.tests.test_billing_statutory_offboarding_apis.TestBilling" name="test_addon_checkout" time="0.457" /><testcase classname="backend.tests.test_billing_statutory_offboarding_apis.TestBilling" name="test_subscription_invalid_plan" time="0.050" /><testcase classname="backend.tests.test_billing_statutory_offboarding_apis.TestBilling" name="test_top_level_webhook_reachable" time="0.049" /><testcase classname="backend.tests.test_billing_statutory_offboarding_apis.TestOffboarding" name="test_reasons" time="0.046" /><testcase classname="backend.tests.test_billing_statutory_offboarding_apis.TestOffboarding" name="test_terminate_and_list_and_reinstate" time="0.251" /><testcase classname="backend.tests.test_billing_statutory_offboarding_apis.TestOffboarding" name="test_p45_400_when_not_terminated" time="0.097" /><testcase classname="backend.tests.test_billing_statutory_offboarding_apis.TestTaxDocs" name="test_p60_pdf" time="0.054" /><testcase classname="backend.tests.test_billing_statutory_offboarding_apis.TestTaxDocs" name="test_p11d_create_and_get" time="0.117" /><testcase classname="backend.tests.test_billing_statutory_offboarding_apis.TestTaxDocs" name="test_employee_documents_listing" time="0.049" /><testcase classname="backend.tests.test_billing_statutory_offboarding_apis.TestEmailWiring" name="test_visa_alerts_endpoint_reachable" time="0.055" /><testcase classname="backend.tests.test_billing_statutory_offboarding_apis.TestRegression" name="test_health" time="0.044" /><testcase classname="backend.tests.test_billing_statutory_offboarding_apis.TestRegression" name="test_employees_listing" time="0.047" /><testcase classname="backend.tests.test_billing_statutory_offboarding_apis.TestRegression" name="test_pensions_thresholds" time="0.054" /><testcase classname="backend.tests.test_billing_statutory_offboarding_apis.TestRegression" name="test_rtw_summary" time="0.053" /><testcase classname="backend.tests.test_billing_statutory_offboarding_apis.TestRegression" name="test_ukvi_dashboard" time="0.050" /><testcase classname="backend.tests.test_billing_statutory_offboarding_apis.TestRegression" name="test_cos_list" time="0.053" /><testcase classname="backend.tests.test_billing_statutory_offboarding_apis.TestRegression" name="test_time_timesheets" time="0.055" /></testsuite></testsuites>