<?xml version="1.0" encoding="utf-8"?><testsuites name="pytest tests"><testsuite name="pytest" errors="0" failures="1" skipped="0" tests="21" time="6.871" timestamp="2026-05-22T20:51:48.842683+00:00" hostname="agent-env-bd7a3b39-869d-486a-951f-0572fc8b83ec"><testcase classname="backend.tests.test_iter13_iter13_new_scope.TestPaymentsUsage" name="test_usage_this_month_for_fresh_user" time="0.620" /><testcase classname="backend.tests.test_iter13_iter13_new_scope.TestPaymentsUsage" name="test_receipt_404_when_no_transaction" time="0.117" /><testcase classname="backend.tests.test_iter13_iter13_new_scope.TestPaymentsUsage" name="test_checkout_addon_bulk_returns_stripe_url" time="0.757" /><testcase classname="backend.tests.test_iter13_iter13_new_scope.TestTaxDocsPaywall" name="test_p60_paywall_402" time="0.293" /><testcase classname="backend.tests.test_iter13_iter13_new_scope.TestPerformance" name="test_objective_create_list_update_delete" time="0.567" /><testcase classname="backend.tests.test_iter13_iter13_new_scope.TestPerformance" name="test_appraisal_create_list" time="0.276" /><testcase classname="backend.tests.test_iter13_iter13_new_scope.TestPerformance" name="test_note_private_flag_hidden_from_employee" time="0.724" /><testcase classname="backend.tests.test_iter13_iter13_new_scope.TestCases" name="test_types_endpoint" time="0.159" /><testcase classname="backend.tests.test_iter13_iter13_new_scope.TestCases" name="test_employee_role_blocked_from_cases" time="0.179" /><testcase classname="backend.tests.test_iter13_iter13_new_scope.TestCases" name="test_case_full_lifecycle" time="0.580" /><testcase classname="backend.tests.test_iter13_iter13_new_scope.TestCases" name="test_secure_doc_upload_download" time="0.145"><failure message="AssertionError: Internal Server Error&#10;assert 500 == 200&#10; +  where 500 = &lt;Response [500]&gt;.status_code">backend/tests/test_iter13_iter13_new_scope.py:218: in test_secure_doc_upload_download
    assert r.status_code == 200, r.text
E   AssertionError: Internal Server Error
E   assert 500 == 200
E    +  where 500 = &lt;Response [500]&gt;.status_code</failure></testcase><testcase classname="backend.tests.test_iter13_iter13_new_scope.TestSuperAdmin" name="test_non_admin_403" time="0.129" /><testcase classname="backend.tests.test_iter13_iter13_new_scope.TestSuperAdmin" name="test_metrics" time="0.451" /><testcase classname="backend.tests.test_iter13_iter13_new_scope.TestSuperAdmin" name="test_companies_list" time="0.216" /><testcase classname="backend.tests.test_iter13_iter13_new_scope.TestSuperAdmin" name="test_suspend_restore" time="0.249" /><testcase classname="backend.tests.test_iter13_iter13_new_scope.TestSuperAdmin" name="test_feature_flag_set" time="0.160" /><testcase classname="backend.tests.test_iter13_iter13_new_scope.TestSuperAdmin" name="test_impersonate" time="0.252" /><testcase classname="backend.tests.test_iter13_iter13_new_scope.TestSuperAdmin" name="test_audit_log" time="0.134" /><testcase classname="backend.tests.test_iter13_iter13_new_scope.TestSuperAdmin" name="test_kill_switch" time="0.138" /><testcase classname="backend.tests.test_iter13_iter13_new_scope.TestLeaveDocumentsRegression" name="test_leave_create_and_list" time="0.265" /><testcase classname="backend.tests.test_iter13_iter13_new_scope.TestLeaveDocumentsRegression" name="test_documents_create_and_list" time="0.292" /></testsuite></testsuites>