<?xml version="1.0" encoding="utf-8"?><testsuites name="pytest tests"><testsuite name="pytest" errors="0" failures="0" skipped="0" tests="23" time="72.400" timestamp="2026-05-22T21:38:18.189891+00:00" hostname="agent-env-bd7a3b39-869d-486a-951f-0572fc8b83ec"><testcase classname="backend.tests.test_iter14_gdpr_2fa_fairness.TestTwoFactor" name="test_status_initial_false" time="0.548" /><testcase classname="backend.tests.test_iter14_gdpr_2fa_fairness.TestTwoFactor" name="test_setup_begin_returns_secret_uri_qr" time="0.157" /><testcase classname="backend.tests.test_iter14_gdpr_2fa_fairness.TestTwoFactor" name="test_setup_verify_enables_returns_backup_codes" time="0.126" /><testcase classname="backend.tests.test_iter14_gdpr_2fa_fairness.TestTwoFactor" name="test_login_returns_two_factor_required_when_enabled" time="0.341" /><testcase classname="backend.tests.test_iter14_gdpr_2fa_fairness.TestTwoFactor" name="test_login_verify_with_valid_code" time="0.141" /><testcase classname="backend.tests.test_iter14_gdpr_2fa_fairness.TestTwoFactor" name="test_login_verify_with_invalid_code_401" time="0.466" /><testcase classname="backend.tests.test_iter14_gdpr_2fa_fairness.TestTwoFactor" name="test_backup_code_one_time_only" time="1.006" /><testcase classname="backend.tests.test_iter14_gdpr_2fa_fairness.TestTwoFactor" name="test_disable_with_totp" time="0.140" /><testcase classname="backend.tests.test_iter14_gdpr_2fa_fairness.TestTwoFactor" name="test_login_returns_normal_token_when_2fa_disabled" time="0.348" /><testcase classname="backend.tests.test_iter14_gdpr_2fa_fairness.TestGDPR" name="test_my_data_export" time="0.119" /><testcase classname="backend.tests.test_iter14_gdpr_2fa_fairness.TestGDPR" name="test_my_data_download_attachment" time="0.151" /><testcase classname="backend.tests.test_iter14_gdpr_2fa_fairness.TestGDPR" name="test_erasure_submit_creates_pending" time="0.149" /><testcase classname="backend.tests.test_iter14_gdpr_2fa_fairness.TestGDPR" name="test_erasure_submit_duplicate_400" time="0.122" /><testcase classname="backend.tests.test_iter14_gdpr_2fa_fairness.TestGDPR" name="test_erasure_list_pending" time="0.128" /><testcase classname="backend.tests.test_iter14_gdpr_2fa_fairness.TestGDPR" name="test_erasure_process_reject" time="0.135" /><testcase classname="backend.tests.test_iter14_gdpr_2fa_fairness.TestGDPR" name="test_erasure_process_non_hr_403" time="0.709" /><testcase classname="backend.tests.test_iter14_gdpr_2fa_fairness.TestGDPR" name="test_overview_hr_ok" time="0.149" /><testcase classname="backend.tests.test_iter14_gdpr_2fa_fairness.TestGDPR" name="test_overview_non_hr_403" time="0.129" /><testcase classname="backend.tests.test_iter14_gdpr_2fa_fairness.TestFairness" name="test_bias_scan_empty_appraisals" time="0.154" /><testcase classname="backend.tests.test_iter14_gdpr_2fa_fairness.TestRateLimit" name="test_login_rate_limit_429" time="4.952" /><testcase classname="backend.tests.test_iter14_gdpr_2fa_fairness.TestRegression" name="test_auth_me" time="0.497" /><testcase classname="backend.tests.test_iter14_gdpr_2fa_fairness.TestRegression" name="test_company_get" time="61.218" /><testcase classname="backend.tests.test_iter14_gdpr_2fa_fairness.TestRegression" name="test_employees_list" time="0.488" /></testsuite></testsuites>