<?xml version="1.0" encoding="utf-8"?><testsuites name="pytest tests"><testsuite name="pytest" errors="0" failures="0" skipped="1" tests="121" time="29.298" timestamp="2026-05-08T00:24:31.425956+00:00" hostname="agent-env-bd7a3b39-869d-486a-951f-0572fc8b83ec"><testcase classname="tests.test_billing_statutory_offboarding_apis.TestStatutory" name="test_rates_public" time="0.158" /><testcase classname="tests.test_billing_statutory_offboarding_apis.TestStatutory" name="test_active_requires_auth" time="0.079" /><testcase classname="tests.test_billing_statutory_offboarding_apis.TestStatutory" name="test_active_with_auth" time="0.385" /><testcase classname="tests.test_billing_statutory_offboarding_apis.TestStatutory" name="test_employee_listing" time="0.157" /><testcase classname="tests.test_billing_statutory_offboarding_apis.TestStatutory" name="test_eps_summary" time="0.072" /><testcase classname="tests.test_billing_statutory_offboarding_apis.TestStatutory" name="test_ssp_calculate" time="0.081" /><testcase classname="tests.test_billing_statutory_offboarding_apis.TestStatutory" name="test_smp_calculate" time="0.349" /><testcase classname="tests.test_billing_statutory_offboarding_apis.TestStatutory" name="test_spp_calculate" time="0.072" /><testcase classname="tests.test_billing_statutory_offboarding_apis.TestStatutory" name="test_record_statutory_payment" time="0.074" /><testcase classname="tests.test_billing_statutory_offboarding_apis.TestBilling" name="test_get_plans_requires_auth" time="0.125" /><testcase classname="tests.test_billing_statutory_offboarding_apis.TestBilling" name="test_get_plans" time="0.086" /><testcase classname="tests.test_billing_statutory_offboarding_apis.TestBilling" name="test_billing_info" time="0.074" /><testcase classname="tests.test_billing_statutory_offboarding_apis.TestBilling" name="test_subscription_checkout_creates_session" time="0.597" /><testcase classname="tests.test_billing_statutory_offboarding_apis.TestBilling" name="test_addon_checkout" time="0.462" /><testcase classname="tests.test_billing_statutory_offboarding_apis.TestBilling" name="test_subscription_invalid_plan" time="0.074" /><testcase classname="tests.test_billing_statutory_offboarding_apis.TestBilling" name="test_top_level_webhook_reachable" time="0.072" /><testcase classname="tests.test_billing_statutory_offboarding_apis.TestOffboarding" name="test_reasons" time="0.073" /><testcase classname="tests.test_billing_statutory_offboarding_apis.TestOffboarding" name="test_terminate_and_list_and_reinstate" time="0.351" /><testcase classname="tests.test_billing_statutory_offboarding_apis.TestOffboarding" name="test_p45_400_when_not_terminated" time="0.147" /><testcase classname="tests.test_billing_statutory_offboarding_apis.TestTaxDocs" name="test_p60_pdf" time="0.081" /><testcase classname="tests.test_billing_statutory_offboarding_apis.TestTaxDocs" name="test_p11d_create_and_get" time="0.156" /><testcase classname="tests.test_billing_statutory_offboarding_apis.TestTaxDocs" name="test_employee_documents_listing" time="0.074" /><testcase classname="tests.test_billing_statutory_offboarding_apis.TestEmailWiring" name="test_visa_alerts_endpoint_reachable" time="0.082" /><testcase classname="tests.test_billing_statutory_offboarding_apis.TestRegression" name="test_health" time="0.075" /><testcase classname="tests.test_billing_statutory_offboarding_apis.TestRegression" name="test_employees_listing" time="0.070" /><testcase classname="tests.test_billing_statutory_offboarding_apis.TestRegression" name="test_pensions_thresholds" time="0.081" /><testcase classname="tests.test_billing_statutory_offboarding_apis.TestRegression" name="test_rtw_summary" time="0.079" /><testcase classname="tests.test_billing_statutory_offboarding_apis.TestRegression" name="test_ukvi_dashboard" time="0.213" /><testcase classname="tests.test_billing_statutory_offboarding_apis.TestRegression" name="test_cos_list" time="0.104" /><testcase classname="tests.test_billing_statutory_offboarding_apis.TestRegression" name="test_time_timesheets" time="0.089" /><testcase classname="tests.test_iter10_sandbox_studentloan.TestSandboxDemo" name="test_sandbox_endpoint_no_auth_required" time="0.146" /><testcase classname="tests.test_iter10_sandbox_studentloan.TestSandboxDemo" name="test_sandbox_token_works_as_bearer" time="0.156" /><testcase classname="tests.test_iter10_sandbox_studentloan.TestSandboxDemo" name="test_sandbox_company_is_seeded" time="0.514" /><testcase classname="tests.test_iter10_sandbox_studentloan.TestSandboxDemo" name="test_sandbox_cleanup_idempotent" time="0.311" /><testcase classname="tests.test_iter10_sandbox_studentloan.TestEmployeeModelFields" name="test_create_employee_with_immigration_and_loan_fields" time="0.492" /><testcase classname="tests.test_iter10_sandbox_studentloan.TestEmployeeModelFields" name="test_get_employee_returns_persisted_fields" time="0.147" /><testcase classname="tests.test_iter10_sandbox_studentloan.TestEmployeeModelFields" name="test_ukvi_salary_threshold_breach_via_crud" time="0.266" /><testcase classname="tests.test_iter10_sandbox_studentloan.TestCompanyResponseModel" name="test_company_returns_hmrc_and_sponsor_fields" time="0.288" /><testcase classname="tests.test_iter10_sandbox_studentloan.TestStudentLoanPayroll" name="test_payslip_includes_student_loan" time="0.414" /><testcase classname="tests.test_iter10_sandbox_studentloan.TestRegressionSmoke" name="test_health" time="0.143" /><testcase classname="tests.test_iter10_sandbox_studentloan.TestRegressionSmoke" name="test_demo_seed_still_works" time="0.124" /><testcase classname="tests.test_iter10_sandbox_studentloan.TestRegressionSmoke" name="test_auth_login_existing_user_or_skip" time="0.360" /><testcase classname="tests.test_iter11_team_portal.TestTeamManagement" name="test_list_users" time="0.227" /><testcase classname="tests.test_iter11_team_portal.TestTeamManagement" name="test_invite_requires_auth" time="0.132" /><testcase classname="tests.test_iter11_team_portal.TestTeamManagement" name="test_invite_rejects_invalid_role" time="0.132" /><testcase classname="tests.test_iter11_team_portal.TestTeamManagement" name="test_invite_rejects_unknown_role" time="0.115" /><testcase classname="tests.test_iter11_team_portal.TestTeamManagement" name="test_full_invite_flow" time="2.139" /><testcase classname="tests.test_iter11_team_portal.TestTeamManagement" name="test_revoke_invite" time="0.398" /><testcase classname="tests.test_iter11_team_portal.TestStripePortal" name="test_portal_requires_owner" time="0.117" /><testcase classname="tests.test_iter11_team_portal.TestStripePortal" name="test_portal_requires_auth" time="0.109" /><testcase classname="tests.test_iter11_team_portal.TestRegressionSmoke" name="test_plans_reachable" time="0.167" /><testcase classname="tests.test_iter11_team_portal.TestRegressionSmoke" name="test_billing_info_owner" time="0.107" /><testcase classname="tests.test_iter11_team_portal.TestRegressionSmoke" name="test_dashboard_stats" time="0.119" /><testcase classname="tests.test_iter11_team_portal.TestRegressionSmoke" name="test_audit_log" time="0.118" /><testcase classname="tests.test_iter12_trial_paywall.TestTrialAutoStart" name="test_register_sets_trial_active" time="0.369" /><testcase classname="tests.test_iter12_trial_paywall.TestTrialAutoStart" name="test_sandbox_does_not_set_trial" time="0.335" /><testcase classname="tests.test_iter12_trial_paywall.TestPayslipDownloadGate" name="test_download_blocked_during_trial" time="0.161" /><testcase classname="tests.test_iter12_trial_paywall.TestPayslipDownloadGate" name="test_checkout_payslip_blocked_during_trial" time="0.046" /><testcase classname="tests.test_iter12_trial_paywall.TestPayslipDownloadGate" name="test_self_service_download_blocked_during_trial" time="0.049" /><testcase classname="tests.test_iter12_trial_paywall.TestPostTrialPaywall" name="test_status_after_expiry" time="0.051" /><testcase classname="tests.test_iter12_trial_paywall.TestPostTrialPaywall" name="test_download_returns_402_after_trial" time="0.141" /><testcase classname="tests.test_iter12_trial_paywall.TestPostTrialPaywall" name="test_checkout_payslip_returns_stripe_url" time="0.564" /><testcase classname="tests.test_iter12_trial_paywall.TestDownloadPass" name="test_pass_grants_access" time="0.154" /><testcase classname="tests.test_iter12_trial_paywall.TestScheduler" name="test_scheduler_has_4_jobs" time="0.019" /><testcase classname="tests.test_iter12_trial_paywall.TestSandboxDownloadsAllowed" name="test_sandbox_can_download_payslip" time="0.245"><skipped type="pytest.xfail" message="BUG: sandbox/demo companies are not bypassed in DownloadGateService.check_access — returns 402 instead of 200" /></testcase><testcase classname="tests.test_iter9_demo_yearend_admin_apis.TestDemoTour" name="test_demo_status_initially_off" time="0.445" /><testcase classname="tests.test_iter9_demo_yearend_admin_apis.TestDemoTour" name="test_demo_seed" time="0.088" /><testcase classname="tests.test_iter9_demo_yearend_admin_apis.TestDemoTour" name="test_demo_seed_idempotent" time="0.232" /><testcase classname="tests.test_iter9_demo_yearend_admin_apis.TestDemoTour" name="test_demo_status_after_seed" time="0.074" /><testcase classname="tests.test_iter9_demo_yearend_admin_apis.TestStatutoryShPPandSAP" name="test_shpp_calculate" time="0.223" /><testcase classname="tests.test_iter9_demo_yearend_admin_apis.TestStatutoryShPPandSAP" name="test_shpp_invalid_weeks" time="0.071" /><testcase classname="tests.test_iter9_demo_yearend_admin_apis.TestStatutoryShPPandSAP" name="test_sap_calculate" time="0.073" /><testcase classname="tests.test_iter9_demo_yearend_admin_apis.TestYearEnd" name="test_preview" time="0.083" /><testcase classname="tests.test_iter9_demo_yearend_admin_apis.TestYearEnd" name="test_preview_invalid_tax_year" time="0.082" /><testcase classname="tests.test_iter9_demo_yearend_admin_apis.TestYearEnd" name="test_close" time="0.085" /><testcase classname="tests.test_iter9_demo_yearend_admin_apis.TestAdmin" name="test_student_loan_plans" time="0.074" /><testcase classname="tests.test_iter9_demo_yearend_admin_apis.TestAdmin" name="test_retention_policy" time="0.072" /><testcase classname="tests.test_iter9_demo_yearend_admin_apis.TestAdmin" name="test_retention_run_owner_dryrun" time="0.078" /><testcase classname="tests.test_iter9_demo_yearend_admin_apis.TestAdmin" name="test_retention_run_non_owner_forbidden" time="0.132" /><testcase classname="tests.test_iter9_demo_yearend_admin_apis.TestPayeValidation" name="test_paye_invalid_format" time="0.078" /><testcase classname="tests.test_iter9_demo_yearend_admin_apis.TestPayeValidation" name="test_paye_valid_format_persists" time="0.149" /><testcase classname="tests.test_iter9_demo_yearend_admin_apis.TestUKVISalaryThreshold" name="test_threshold_alert_generated" time="0.394" /><testcase classname="tests.test_iter9_demo_yearend_admin_apis.TestRegression" name="test_employees_list" time="0.072" /><testcase classname="tests.test_iter9_demo_yearend_admin_apis.TestRegression" name="test_statutory_rates" time="0.065" /><testcase classname="tests.test_iter9_demo_yearend_admin_apis.TestRegression" name="test_payments_plans_listing" time="0.153" /><testcase classname="tests.test_time_rtw_cos_pensions_apis.TestTimeSchedulingAPIs" name="test_time_status_returns_clock_status" time="0.437" /><testcase classname="tests.test_time_rtw_cos_pensions_apis.TestTimeSchedulingAPIs" name="test_time_status_requires_auth" time="0.112" /><testcase classname="tests.test_time_rtw_cos_pensions_apis.TestTimeSchedulingAPIs" name="test_time_shifts_returns_shifts" time="0.439" /><testcase classname="tests.test_time_rtw_cos_pensions_apis.TestTimeSchedulingAPIs" name="test_time_rotas_returns_rotas" time="0.427" /><testcase classname="tests.test_time_rtw_cos_pensions_apis.TestTimeSchedulingAPIs" name="test_time_timesheets_returns_timesheets" time="0.454" /><testcase classname="tests.test_time_rtw_cos_pensions_apis.TestTimeSchedulingAPIs" name="test_clock_in_requires_auth" time="0.160" /><testcase classname="tests.test_time_rtw_cos_pensions_apis.TestTimeSchedulingAPIs" name="test_clock_out_requires_auth" time="0.126" /><testcase classname="tests.test_time_rtw_cos_pensions_apis.TestRTWAPIs" name="test_rtw_summary_returns_summary" time="0.415" /><testcase classname="tests.test_time_rtw_cos_pensions_apis.TestRTWAPIs" name="test_rtw_check_types_returns_types" time="0.380" /><testcase classname="tests.test_time_rtw_cos_pensions_apis.TestRTWAPIs" name="test_rtw_expiring_returns_expiring_employees" time="0.403" /><testcase classname="tests.test_time_rtw_cos_pensions_apis.TestRTWAPIs" name="test_rtw_expiring_with_custom_days" time="0.424" /><testcase classname="tests.test_time_rtw_cos_pensions_apis.TestRTWAPIs" name="test_rtw_summary_requires_auth" time="0.136" /><testcase classname="tests.test_time_rtw_cos_pensions_apis.TestCoSAPIs" name="test_cos_list_returns_certificates" time="0.406" /><testcase classname="tests.test_time_rtw_cos_pensions_apis.TestCoSAPIs" name="test_cos_soc_codes_search" time="0.408" /><testcase classname="tests.test_time_rtw_cos_pensions_apis.TestCoSAPIs" name="test_cos_salary_checks_returns_issues" time="0.397" /><testcase classname="tests.test_time_rtw_cos_pensions_apis.TestCoSAPIs" name="test_cos_list_requires_auth" time="0.128" /><testcase classname="tests.test_time_rtw_cos_pensions_apis.TestPensionsAPIs" name="test_pensions_thresholds_returns_thresholds" time="0.423" /><testcase classname="tests.test_time_rtw_cos_pensions_apis.TestPensionsAPIs" name="test_pensions_schemes_returns_schemes" time="0.456" /><testcase classname="tests.test_time_rtw_cos_pensions_apis.TestPensionsAPIs" name="test_pensions_bulk_assess_runs_assessment" time="0.412" /><testcase classname="tests.test_time_rtw_cos_pensions_apis.TestPensionsAPIs" name="test_pensions_thresholds_requires_auth" time="0.146" /><testcase classname="tests.test_ukvi_enterprise_apis.TestUKVIComplianceAPIs" name="test_ukvi_dashboard_returns_compliance_data" time="0.427" /><testcase classname="tests.test_ukvi_enterprise_apis.TestUKVIComplianceAPIs" name="test_ukvi_visa_types_returns_list" time="0.387" /><testcase classname="tests.test_ukvi_enterprise_apis.TestUKVIComplianceAPIs" name="test_ukvi_alerts_returns_list" time="0.468" /><testcase classname="tests.test_ukvi_enterprise_apis.TestUKVIComplianceAPIs" name="test_ukvi_alerts_filter_by_resolved" time="0.386" /><testcase classname="tests.test_ukvi_enterprise_apis.TestUKVIComplianceAPIs" name="test_ukvi_reporting_checklist_returns_data" time="0.432" /><testcase classname="tests.test_ukvi_enterprise_apis.TestUKVIComplianceAPIs" name="test_ukvi_dashboard_requires_auth" time="0.116" /><testcase classname="tests.test_ukvi_enterprise_apis.TestEnterpriseAPIs" name="test_enterprise_roles_returns_list" time="0.390" /><testcase classname="tests.test_ukvi_enterprise_apis.TestEnterpriseAPIs" name="test_enterprise_permissions_returns_categorized_list" time="0.424" /><testcase classname="tests.test_ukvi_enterprise_apis.TestEnterpriseAPIs" name="test_enterprise_sso_config_returns_status" time="0.452" /><testcase classname="tests.test_ukvi_enterprise_apis.TestEnterpriseAPIs" name="test_enterprise_roles_requires_auth" time="0.124" /><testcase classname="tests.test_ukvi_enterprise_apis.TestEnterpriseAPIs" name="test_enterprise_permissions_requires_auth" time="0.100" /><testcase classname="tests.test_ukvi_enterprise_apis.TestRTISyncPollAPI" name="test_rti_poll_with_submitted_submission" time="0.508" /><testcase classname="tests.test_ukvi_enterprise_apis.TestRTISyncPollAPI" name="test_rti_poll_invalid_submission_returns_404" time="0.467" /><testcase classname="tests.test_ukvi_enterprise_apis.TestRTISyncPollAPI" name="test_rti_poll_non_submitted_returns_400" time="0.516" /><testcase classname="tests.test_ukvi_enterprise_apis.TestRTISyncPollAPI" name="test_rti_poll_requires_auth" time="0.128" /><testcase classname="tests.test_ukvi_enterprise_apis.TestDashboardAPI" name="test_dashboard_stats_returns_compliance_score" time="0.380" /></testsuite></testsuites>