<?xml version="1.0" encoding="utf-8"?><testsuites name="pytest tests"><testsuite name="pytest" errors="0" failures="0" skipped="0" tests="20" time="1.977" timestamp="2026-05-06T07:14:39.590342+00:00" hostname="agent-env-bd7a3b39-869d-486a-951f-0572fc8b83ec"><testcase classname="backend.tests.test_iter9_demo_yearend_admin_apis.TestDemoTour" name="test_demo_status_initially_off" time="0.474" /><testcase classname="backend.tests.test_iter9_demo_yearend_admin_apis.TestDemoTour" name="test_demo_seed" time="0.050" /><testcase classname="backend.tests.test_iter9_demo_yearend_admin_apis.TestDemoTour" name="test_demo_seed_idempotent" time="0.143" /><testcase classname="backend.tests.test_iter9_demo_yearend_admin_apis.TestDemoTour" name="test_demo_status_after_seed" time="0.047" /><testcase classname="backend.tests.test_iter9_demo_yearend_admin_apis.TestStatutoryShPPandSAP" name="test_shpp_calculate" time="0.150" /><testcase classname="backend.tests.test_iter9_demo_yearend_admin_apis.TestStatutoryShPPandSAP" name="test_shpp_invalid_weeks" time="0.045" /><testcase classname="backend.tests.test_iter9_demo_yearend_admin_apis.TestStatutoryShPPandSAP" name="test_sap_calculate" time="0.046" /><testcase classname="backend.tests.test_iter9_demo_yearend_admin_apis.TestYearEnd" name="test_preview" time="0.050" /><testcase classname="backend.tests.test_iter9_demo_yearend_admin_apis.TestYearEnd" name="test_preview_invalid_tax_year" time="0.042" /><testcase classname="backend.tests.test_iter9_demo_yearend_admin_apis.TestYearEnd" name="test_close" time="0.046" /><testcase classname="backend.tests.test_iter9_demo_yearend_admin_apis.TestAdmin" name="test_student_loan_plans" time="0.046" /><testcase classname="backend.tests.test_iter9_demo_yearend_admin_apis.TestAdmin" name="test_retention_policy" time="0.045" /><testcase classname="backend.tests.test_iter9_demo_yearend_admin_apis.TestAdmin" name="test_retention_run_owner_dryrun" time="0.048" /><testcase classname="backend.tests.test_iter9_demo_yearend_admin_apis.TestAdmin" name="test_retention_run_non_owner_forbidden" time="0.106" /><testcase classname="backend.tests.test_iter9_demo_yearend_admin_apis.TestPayeValidation" name="test_paye_invalid_format" time="0.047" /><testcase classname="backend.tests.test_iter9_demo_yearend_admin_apis.TestPayeValidation" name="test_paye_valid_format_persists" time="0.088" /><testcase classname="backend.tests.test_iter9_demo_yearend_admin_apis.TestUKVISalaryThreshold" name="test_threshold_alert_generated" time="0.277" /><testcase classname="backend.tests.test_iter9_demo_yearend_admin_apis.TestRegression" name="test_employees_list" time="0.044" /><testcase classname="backend.tests.test_iter9_demo_yearend_admin_apis.TestRegression" name="test_statutory_rates" time="0.041" /><testcase classname="backend.tests.test_iter9_demo_yearend_admin_apis.TestRegression" name="test_payments_plans_listing" time="0.094" /></testsuite></testsuites>