<?xml version="1.0" encoding="utf-8"?><testsuites name="pytest tests"><testsuite name="pytest" errors="0" failures="0" skipped="0" tests="40" time="72.040" timestamp="2026-05-23T03:09:55.115096+00:00" hostname="agent-env-bd7a3b39-869d-486a-951f-0572fc8b83ec"><testcase classname="backend.tests.test_iter14_gdpr_2fa_fairness.TestTwoFactor" name="test_status_initial_false" time="0.476" /><testcase classname="backend.tests.test_iter14_gdpr_2fa_fairness.TestTwoFactor" name="test_setup_begin_returns_secret_uri_qr" time="0.182" /><testcase classname="backend.tests.test_iter14_gdpr_2fa_fairness.TestTwoFactor" name="test_setup_verify_enables_returns_backup_codes" time="0.114" /><testcase classname="backend.tests.test_iter14_gdpr_2fa_fairness.TestTwoFactor" name="test_login_returns_two_factor_required_when_enabled" time="0.340" /><testcase classname="backend.tests.test_iter14_gdpr_2fa_fairness.TestTwoFactor" name="test_login_verify_with_valid_code" time="0.120" /><testcase classname="backend.tests.test_iter14_gdpr_2fa_fairness.TestTwoFactor" name="test_login_verify_with_invalid_code_401" time="0.462" /><testcase classname="backend.tests.test_iter14_gdpr_2fa_fairness.TestTwoFactor" name="test_backup_code_one_time_only" time="0.927" /><testcase classname="backend.tests.test_iter14_gdpr_2fa_fairness.TestTwoFactor" name="test_disable_with_totp" time="0.111" /><testcase classname="backend.tests.test_iter14_gdpr_2fa_fairness.TestTwoFactor" name="test_login_returns_normal_token_when_2fa_disabled" time="0.332" /><testcase classname="backend.tests.test_iter14_gdpr_2fa_fairness.TestGDPR" name="test_my_data_export" time="0.104" /><testcase classname="backend.tests.test_iter14_gdpr_2fa_fairness.TestGDPR" name="test_my_data_download_attachment" time="0.116" /><testcase classname="backend.tests.test_iter14_gdpr_2fa_fairness.TestGDPR" name="test_erasure_submit_creates_pending" time="0.135" /><testcase classname="backend.tests.test_iter14_gdpr_2fa_fairness.TestGDPR" name="test_erasure_submit_duplicate_400" time="0.119" /><testcase classname="backend.tests.test_iter14_gdpr_2fa_fairness.TestGDPR" name="test_erasure_list_pending" time="0.109" /><testcase classname="backend.tests.test_iter14_gdpr_2fa_fairness.TestGDPR" name="test_erasure_process_reject" time="0.110" /><testcase classname="backend.tests.test_iter14_gdpr_2fa_fairness.TestGDPR" name="test_erasure_process_non_hr_403" time="0.677" /><testcase classname="backend.tests.test_iter14_gdpr_2fa_fairness.TestGDPR" name="test_overview_hr_ok" time="0.138" /><testcase classname="backend.tests.test_iter14_gdpr_2fa_fairness.TestGDPR" name="test_overview_non_hr_403" time="0.109" /><testcase classname="backend.tests.test_iter14_gdpr_2fa_fairness.TestFairness" name="test_bias_scan_empty_appraisals" time="0.113" /><testcase classname="backend.tests.test_iter14_gdpr_2fa_fairness.TestRateLimit" name="test_login_rate_limit_429" time="1.889" /><testcase classname="backend.tests.test_iter14_gdpr_2fa_fairness.TestRegression" name="test_auth_me" time="61.128" /><testcase classname="backend.tests.test_iter14_gdpr_2fa_fairness.TestRegression" name="test_company_get" time="0.460" /><testcase classname="backend.tests.test_iter14_gdpr_2fa_fairness.TestRegression" name="test_employees_list" time="0.470" /><testcase classname="backend.tests.test_iter15_trust_badge_pricing.TestPricing" name="test_plans_endpoint_pricing" time="0.431" /><testcase classname="backend.tests.test_iter15_trust_badge_pricing.TestTrustBadgeOwner" name="test_requires_auth" time="0.124" /><testcase classname="backend.tests.test_iter15_trust_badge_pricing.TestTrustBadgeOwner" name="test_owner_view_returns_badge" time="0.062" /><testcase classname="backend.tests.test_iter15_trust_badge_pricing.TestTrustBadgeOwner" name="test_no_company_returns_400" time="0.435" /><testcase classname="backend.tests.test_iter15_trust_badge_pricing.TestPublicVerify" name="test_verify_ok_no_auth" time="0.119" /><testcase classname="backend.tests.test_iter15_trust_badge_pricing.TestPublicVerify" name="test_verify_invalid_badge_404" time="0.114" /><testcase classname="backend.tests.test_iter15_trust_badge_pricing.TestBadgeSVG" name="test_svg_returns_image" time="0.193" /><testcase classname="backend.tests.test_iter15_trust_badge_pricing.TestBadgeSVG" name="test_svg_invalid_returns_404_with_invalid_text" time="0.125" /><testcase classname="backend.tests.test_iter15_trust_badge_pricing.TestVerifyPageHTML" name="test_html_page_renders" time="0.117" /><testcase classname="backend.tests.test_iter15_trust_badge_pricing.TestVerifyPageHTML" name="test_html_invalid_404" time="0.125" /><testcase classname="backend.tests.test_iter15_trust_badge_pricing.TestTierEscalation" name="test_enable_2fa_escalates_attestation" time="0.331" /><testcase classname="backend.tests.test_iter15_trust_badge_pricing.TestBadgeDeterminism" name="test_same_company_same_badge_id" time="0.111" /><testcase classname="backend.tests.test_iter15_trust_badge_pricing.TestBadgeDeterminism" name="test_different_companies_different_badge_ids" time="0.787" /><testcase classname="backend.tests.test_iter15_trust_badge_pricing.TestBadgeDeterminism" name="test_badge_id_format" time="0.000" /><testcase classname="backend.tests.test_iter15_trust_badge_pricing.TestRegression" name="test_auth_me" time="0.056" /><testcase classname="backend.tests.test_iter15_trust_badge_pricing.TestRegression" name="test_company_endpoint" time="0.067" /><testcase classname="backend.tests.test_iter15_trust_badge_pricing.TestRegression" name="test_employees_endpoint" time="0.061" /></testsuite></testsuites>