<?xml version="1.0" encoding="utf-8"?><testsuites name="pytest tests"><testsuite name="pytest" errors="0" failures="0" skipped="0" tests="17" time="7.090" timestamp="2026-05-23T03:09:43.990220+00:00" hostname="agent-env-bd7a3b39-869d-486a-951f-0572fc8b83ec"><testcase classname="backend.tests.test_iter17_policies_training_absence_dpo.TestAuth" name="test_no_token_returns_401" time="1.579" /><testcase classname="backend.tests.test_iter17_policies_training_absence_dpo.TestPolicies" name="test_create_list_update_assign_ack" time="1.279" /><testcase classname="backend.tests.test_iter17_policies_training_absence_dpo.TestPolicies" name="test_tenant_isolation" time="0.445" /><testcase classname="backend.tests.test_iter17_policies_training_absence_dpo.TestTraining" name="test_courses_records_matrix_expiring" time="0.738" /><testcase classname="backend.tests.test_iter17_policies_training_absence_dpo.TestAbsence" name="test_create_rtw_bradford" time="0.504" /><testcase classname="backend.tests.test_iter17_policies_training_absence_dpo.TestCalendarReportsOrg" name="test_compliance_calendar" time="0.112" /><testcase classname="backend.tests.test_iter17_policies_training_absence_dpo.TestCalendarReportsOrg" name="test_hr_reports_summary" time="0.109" /><testcase classname="backend.tests.test_iter17_policies_training_absence_dpo.TestCalendarReportsOrg" name="test_headcount_csv" time="0.110" /><testcase classname="backend.tests.test_iter17_policies_training_absence_dpo.TestCalendarReportsOrg" name="test_org_chart" time="0.108" /><testcase classname="backend.tests.test_iter17_policies_training_absence_dpo.TestDPO" name="test_processing_activities" time="0.449" /><testcase classname="backend.tests.test_iter17_policies_training_absence_dpo.TestDPO" name="test_dsar" time="0.340" /><testcase classname="backend.tests.test_iter17_policies_training_absence_dpo.TestDPO" name="test_breaches" time="0.341" /><testcase classname="backend.tests.test_iter17_policies_training_absence_dpo.TestDPO" name="test_processors" time="0.252" /><testcase classname="backend.tests.test_iter17_policies_training_absence_dpo.TestDPO" name="test_retention_defaults" time="0.122" /><testcase classname="backend.tests.test_iter17_policies_training_absence_dpo.TestDPO" name="test_dpia" time="0.245" /><testcase classname="backend.tests.test_iter17_policies_training_absence_dpo.TestRegression" name="test_gdpr_endpoint_still_works" time="0.165" /><testcase classname="backend.tests.test_iter17_policies_training_absence_dpo.TestRegression" name="test_trust_badge_me_still_works" time="0.134" /></testsuite></testsuites>