<?xml version="1.0" encoding="utf-8"?><testsuites name="pytest tests"><testsuite name="pytest" errors="0" failures="0" skipped="0" tests="44" time="74.412" timestamp="2026-05-23T00:03:16.151596+00:00" hostname="agent-env-bd7a3b39-869d-486a-951f-0572fc8b83ec"><testcase classname="backend.tests.test_iter13_iter13_new_scope.TestPaymentsUsage" name="test_usage_this_month_for_fresh_user" time="0.465" /><testcase classname="backend.tests.test_iter13_iter13_new_scope.TestPaymentsUsage" name="test_receipt_404_when_no_transaction" time="0.113" /><testcase classname="backend.tests.test_iter13_iter13_new_scope.TestPaymentsUsage" name="test_checkout_addon_bulk_returns_stripe_url" time="0.701" /><testcase classname="backend.tests.test_iter13_iter13_new_scope.TestTaxDocsPaywall" name="test_p60_paywall_402" time="0.231" /><testcase classname="backend.tests.test_iter13_iter13_new_scope.TestPerformance" name="test_objective_create_list_update_delete" time="0.497" /><testcase classname="backend.tests.test_iter13_iter13_new_scope.TestPerformance" name="test_appraisal_create_list" time="0.235" /><testcase classname="backend.tests.test_iter13_iter13_new_scope.TestPerformance" name="test_note_private_flag_hidden_from_employee" time="0.586" /><testcase classname="backend.tests.test_iter13_iter13_new_scope.TestCases" name="test_types_endpoint" time="0.119" /><testcase classname="backend.tests.test_iter13_iter13_new_scope.TestCases" name="test_employee_role_blocked_from_cases" time="0.113" /><testcase classname="backend.tests.test_iter13_iter13_new_scope.TestCases" name="test_case_full_lifecycle" time="0.470" /><testcase classname="backend.tests.test_iter13_iter13_new_scope.TestCases" name="test_secure_doc_upload_download" time="0.243" /><testcase classname="backend.tests.test_iter13_iter13_new_scope.TestSuperAdmin" name="test_non_admin_403" time="0.114" /><testcase classname="backend.tests.test_iter13_iter13_new_scope.TestSuperAdmin" name="test_metrics" time="0.448" /><testcase classname="backend.tests.test_iter13_iter13_new_scope.TestSuperAdmin" name="test_companies_list" time="0.197" /><testcase classname="backend.tests.test_iter13_iter13_new_scope.TestSuperAdmin" name="test_suspend_restore" time="0.224" /><testcase classname="backend.tests.test_iter13_iter13_new_scope.TestSuperAdmin" name="test_feature_flag_set" time="0.111" /><testcase classname="backend.tests.test_iter13_iter13_new_scope.TestSuperAdmin" name="test_impersonate" time="0.221" /><testcase classname="backend.tests.test_iter13_iter13_new_scope.TestSuperAdmin" name="test_audit_log" time="0.136" /><testcase classname="backend.tests.test_iter13_iter13_new_scope.TestSuperAdmin" name="test_kill_switch" time="0.111" /><testcase classname="backend.tests.test_iter13_iter13_new_scope.TestLeaveDocumentsRegression" name="test_leave_create_and_list" time="0.218" /><testcase classname="backend.tests.test_iter13_iter13_new_scope.TestLeaveDocumentsRegression" name="test_documents_create_and_list" time="0.238" /><testcase classname="backend.tests.test_iter14_gdpr_2fa_fairness.TestTwoFactor" name="test_status_initial_false" time="0.456" /><testcase classname="backend.tests.test_iter14_gdpr_2fa_fairness.TestTwoFactor" name="test_setup_begin_returns_secret_uri_qr" time="0.156" /><testcase classname="backend.tests.test_iter14_gdpr_2fa_fairness.TestTwoFactor" name="test_setup_verify_enables_returns_backup_codes" time="0.116" /><testcase classname="backend.tests.test_iter14_gdpr_2fa_fairness.TestTwoFactor" name="test_login_returns_two_factor_required_when_enabled" time="0.349" /><testcase classname="backend.tests.test_iter14_gdpr_2fa_fairness.TestTwoFactor" name="test_login_verify_with_valid_code" time="0.118" /><testcase classname="backend.tests.test_iter14_gdpr_2fa_fairness.TestTwoFactor" name="test_login_verify_with_invalid_code_401" time="0.450" /><testcase classname="backend.tests.test_iter14_gdpr_2fa_fairness.TestTwoFactor" name="test_backup_code_one_time_only" time="0.918" /><testcase classname="backend.tests.test_iter14_gdpr_2fa_fairness.TestTwoFactor" name="test_disable_with_totp" time="0.123" /><testcase classname="backend.tests.test_iter14_gdpr_2fa_fairness.TestTwoFactor" name="test_login_returns_normal_token_when_2fa_disabled" time="0.335" /><testcase classname="backend.tests.test_iter14_gdpr_2fa_fairness.TestGDPR" name="test_my_data_export" time="0.116" /><testcase classname="backend.tests.test_iter14_gdpr_2fa_fairness.TestGDPR" name="test_my_data_download_attachment" time="0.112" /><testcase classname="backend.tests.test_iter14_gdpr_2fa_fairness.TestGDPR" name="test_erasure_submit_creates_pending" time="0.111" /><testcase classname="backend.tests.test_iter14_gdpr_2fa_fairness.TestGDPR" name="test_erasure_submit_duplicate_400" time="0.117" /><testcase classname="backend.tests.test_iter14_gdpr_2fa_fairness.TestGDPR" name="test_erasure_list_pending" time="0.114" /><testcase classname="backend.tests.test_iter14_gdpr_2fa_fairness.TestGDPR" name="test_erasure_process_reject" time="0.122" /><testcase classname="backend.tests.test_iter14_gdpr_2fa_fairness.TestGDPR" name="test_erasure_process_non_hr_403" time="0.604" /><testcase classname="backend.tests.test_iter14_gdpr_2fa_fairness.TestGDPR" name="test_overview_hr_ok" time="0.135" /><testcase classname="backend.tests.test_iter14_gdpr_2fa_fairness.TestGDPR" name="test_overview_non_hr_403" time="0.108" /><testcase classname="backend.tests.test_iter14_gdpr_2fa_fairness.TestFairness" name="test_bias_scan_empty_appraisals" time="0.109" /><testcase classname="backend.tests.test_iter14_gdpr_2fa_fairness.TestRateLimit" name="test_login_rate_limit_429" time="1.787" /><testcase classname="backend.tests.test_iter14_gdpr_2fa_fairness.TestRegression" name="test_auth_me" time="61.128" /><testcase classname="backend.tests.test_iter14_gdpr_2fa_fairness.TestRegression" name="test_company_get" time="0.453" /><testcase classname="backend.tests.test_iter14_gdpr_2fa_fairness.TestRegression" name="test_employees_list" time="0.472" /></testsuite></testsuites>