<?xml version="1.0" encoding="utf-8"?><testsuites name="pytest tests"><testsuite name="pytest" errors="0" failures="0" skipped="0" tests="98" time="23.582" timestamp="2026-05-07T00:13:41.934507+00:00" hostname="agent-env-bd7a3b39-869d-486a-951f-0572fc8b83ec"><testcase classname="tests.test_billing_statutory_offboarding_apis.TestStatutory" name="test_rates_public" time="0.289" /><testcase classname="tests.test_billing_statutory_offboarding_apis.TestStatutory" name="test_active_requires_auth" time="0.069" /><testcase classname="tests.test_billing_statutory_offboarding_apis.TestStatutory" name="test_active_with_auth" time="0.368" /><testcase classname="tests.test_billing_statutory_offboarding_apis.TestStatutory" name="test_employee_listing" time="0.138" /><testcase classname="tests.test_billing_statutory_offboarding_apis.TestStatutory" name="test_eps_summary" time="0.067" /><testcase classname="tests.test_billing_statutory_offboarding_apis.TestStatutory" name="test_ssp_calculate" time="0.071" /><testcase classname="tests.test_billing_statutory_offboarding_apis.TestStatutory" name="test_smp_calculate" time="0.078" /><testcase classname="tests.test_billing_statutory_offboarding_apis.TestStatutory" name="test_spp_calculate" time="0.068" /><testcase classname="tests.test_billing_statutory_offboarding_apis.TestStatutory" name="test_record_statutory_payment" time="0.070" /><testcase classname="tests.test_billing_statutory_offboarding_apis.TestBilling" name="test_get_plans_requires_auth" time="0.174" /><testcase classname="tests.test_billing_statutory_offboarding_apis.TestBilling" name="test_get_plans" time="0.078" /><testcase classname="tests.test_billing_statutory_offboarding_apis.TestBilling" name="test_billing_info" time="0.067" /><testcase classname="tests.test_billing_statutory_offboarding_apis.TestBilling" name="test_subscription_checkout_creates_session" time="0.708" /><testcase classname="tests.test_billing_statutory_offboarding_apis.TestBilling" name="test_addon_checkout" time="0.460" /><testcase classname="tests.test_billing_statutory_offboarding_apis.TestBilling" name="test_subscription_invalid_plan" time="0.063" /><testcase classname="tests.test_billing_statutory_offboarding_apis.TestBilling" name="test_top_level_webhook_reachable" time="0.066" /><testcase classname="tests.test_billing_statutory_offboarding_apis.TestOffboarding" name="test_reasons" time="0.071" /><testcase classname="tests.test_billing_statutory_offboarding_apis.TestOffboarding" name="test_terminate_and_list_and_reinstate" time="0.289" /><testcase classname="tests.test_billing_statutory_offboarding_apis.TestOffboarding" name="test_p45_400_when_not_terminated" time="0.141" /><testcase classname="tests.test_billing_statutory_offboarding_apis.TestTaxDocs" name="test_p60_pdf" time="0.074" /><testcase classname="tests.test_billing_statutory_offboarding_apis.TestTaxDocs" name="test_p11d_create_and_get" time="0.150" /><testcase classname="tests.test_billing_statutory_offboarding_apis.TestTaxDocs" name="test_employee_documents_listing" time="0.074" /><testcase classname="tests.test_billing_statutory_offboarding_apis.TestEmailWiring" name="test_visa_alerts_endpoint_reachable" time="0.078" /><testcase classname="tests.test_billing_statutory_offboarding_apis.TestRegression" name="test_health" time="0.063" /><testcase classname="tests.test_billing_statutory_offboarding_apis.TestRegression" name="test_employees_listing" time="0.068" /><testcase classname="tests.test_billing_statutory_offboarding_apis.TestRegression" name="test_pensions_thresholds" time="0.078" /><testcase classname="tests.test_billing_statutory_offboarding_apis.TestRegression" name="test_rtw_summary" time="0.082" /><testcase classname="tests.test_billing_statutory_offboarding_apis.TestRegression" name="test_ukvi_dashboard" time="0.204" /><testcase classname="tests.test_billing_statutory_offboarding_apis.TestRegression" name="test_cos_list" time="0.078" /><testcase classname="tests.test_billing_statutory_offboarding_apis.TestRegression" name="test_time_timesheets" time="0.091" /><testcase classname="tests.test_iter10_sandbox_studentloan.TestSandboxDemo" name="test_sandbox_endpoint_no_auth_required" time="0.171" /><testcase classname="tests.test_iter10_sandbox_studentloan.TestSandboxDemo" name="test_sandbox_token_works_as_bearer" time="0.134" /><testcase classname="tests.test_iter10_sandbox_studentloan.TestSandboxDemo" name="test_sandbox_company_is_seeded" time="0.412" /><testcase classname="tests.test_iter10_sandbox_studentloan.TestSandboxDemo" name="test_sandbox_cleanup_idempotent" time="0.286" /><testcase classname="tests.test_iter10_sandbox_studentloan.TestEmployeeModelFields" name="test_create_employee_with_immigration_and_loan_fields" time="0.489" /><testcase classname="tests.test_iter10_sandbox_studentloan.TestEmployeeModelFields" name="test_get_employee_returns_persisted_fields" time="0.136" /><testcase classname="tests.test_iter10_sandbox_studentloan.TestEmployeeModelFields" name="test_ukvi_salary_threshold_breach_via_crud" time="0.258" /><testcase classname="tests.test_iter10_sandbox_studentloan.TestCompanyResponseModel" name="test_company_returns_hmrc_and_sponsor_fields" time="0.282" /><testcase classname="tests.test_iter10_sandbox_studentloan.TestStudentLoanPayroll" name="test_payslip_includes_student_loan" time="0.405" /><testcase classname="tests.test_iter10_sandbox_studentloan.TestRegressionSmoke" name="test_health" time="0.133" /><testcase classname="tests.test_iter10_sandbox_studentloan.TestRegressionSmoke" name="test_demo_seed_still_works" time="0.146" /><testcase classname="tests.test_iter10_sandbox_studentloan.TestRegressionSmoke" name="test_auth_login_existing_user_or_skip" time="0.381" /><testcase classname="tests.test_iter9_demo_yearend_admin_apis.TestDemoTour" name="test_demo_status_initially_off" time="0.452" /><testcase classname="tests.test_iter9_demo_yearend_admin_apis.TestDemoTour" name="test_demo_seed" time="0.070" /><testcase classname="tests.test_iter9_demo_yearend_admin_apis.TestDemoTour" name="test_demo_seed_idempotent" time="0.225" /><testcase classname="tests.test_iter9_demo_yearend_admin_apis.TestDemoTour" name="test_demo_status_after_seed" time="0.069" /><testcase classname="tests.test_iter9_demo_yearend_admin_apis.TestStatutoryShPPandSAP" name="test_shpp_calculate" time="0.237" /><testcase classname="tests.test_iter9_demo_yearend_admin_apis.TestStatutoryShPPandSAP" name="test_shpp_invalid_weeks" time="0.069" /><testcase classname="tests.test_iter9_demo_yearend_admin_apis.TestStatutoryShPPandSAP" name="test_sap_calculate" time="0.098" /><testcase classname="tests.test_iter9_demo_yearend_admin_apis.TestYearEnd" name="test_preview" time="0.081" /><testcase classname="tests.test_iter9_demo_yearend_admin_apis.TestYearEnd" name="test_preview_invalid_tax_year" time="0.067" /><testcase classname="tests.test_iter9_demo_yearend_admin_apis.TestYearEnd" name="test_close" time="0.071" /><testcase classname="tests.test_iter9_demo_yearend_admin_apis.TestAdmin" name="test_student_loan_plans" time="0.070" /><testcase classname="tests.test_iter9_demo_yearend_admin_apis.TestAdmin" name="test_retention_policy" time="0.073" /><testcase classname="tests.test_iter9_demo_yearend_admin_apis.TestAdmin" name="test_retention_run_owner_dryrun" time="0.069" /><testcase classname="tests.test_iter9_demo_yearend_admin_apis.TestAdmin" name="test_retention_run_non_owner_forbidden" time="0.134" /><testcase classname="tests.test_iter9_demo_yearend_admin_apis.TestPayeValidation" name="test_paye_invalid_format" time="0.069" /><testcase classname="tests.test_iter9_demo_yearend_admin_apis.TestPayeValidation" name="test_paye_valid_format_persists" time="0.134" /><testcase classname="tests.test_iter9_demo_yearend_admin_apis.TestUKVISalaryThreshold" name="test_threshold_alert_generated" time="0.362" /><testcase classname="tests.test_iter9_demo_yearend_admin_apis.TestRegression" name="test_employees_list" time="0.069" /><testcase classname="tests.test_iter9_demo_yearend_admin_apis.TestRegression" name="test_statutory_rates" time="0.078" /><testcase classname="tests.test_iter9_demo_yearend_admin_apis.TestRegression" name="test_payments_plans_listing" time="0.137" /><testcase classname="tests.test_time_rtw_cos_pensions_apis.TestTimeSchedulingAPIs" name="test_time_status_returns_clock_status" time="0.447" /><testcase classname="tests.test_time_rtw_cos_pensions_apis.TestTimeSchedulingAPIs" name="test_time_status_requires_auth" time="0.140" /><testcase classname="tests.test_time_rtw_cos_pensions_apis.TestTimeSchedulingAPIs" name="test_time_shifts_returns_shifts" time="0.468" /><testcase classname="tests.test_time_rtw_cos_pensions_apis.TestTimeSchedulingAPIs" name="test_time_rotas_returns_rotas" time="0.452" /><testcase classname="tests.test_time_rtw_cos_pensions_apis.TestTimeSchedulingAPIs" name="test_time_timesheets_returns_timesheets" time="0.434" /><testcase classname="tests.test_time_rtw_cos_pensions_apis.TestTimeSchedulingAPIs" name="test_clock_in_requires_auth" time="0.180" /><testcase classname="tests.test_time_rtw_cos_pensions_apis.TestTimeSchedulingAPIs" name="test_clock_out_requires_auth" time="0.166" /><testcase classname="tests.test_time_rtw_cos_pensions_apis.TestRTWAPIs" name="test_rtw_summary_returns_summary" time="0.416" /><testcase classname="tests.test_time_rtw_cos_pensions_apis.TestRTWAPIs" name="test_rtw_check_types_returns_types" time="0.462" /><testcase classname="tests.test_time_rtw_cos_pensions_apis.TestRTWAPIs" name="test_rtw_expiring_returns_expiring_employees" time="0.423" /><testcase classname="tests.test_time_rtw_cos_pensions_apis.TestRTWAPIs" name="test_rtw_expiring_with_custom_days" time="0.457" /><testcase classname="tests.test_time_rtw_cos_pensions_apis.TestRTWAPIs" name="test_rtw_summary_requires_auth" time="0.126" /><testcase classname="tests.test_time_rtw_cos_pensions_apis.TestCoSAPIs" name="test_cos_list_returns_certificates" time="0.430" /><testcase classname="tests.test_time_rtw_cos_pensions_apis.TestCoSAPIs" name="test_cos_soc_codes_search" time="0.437" /><testcase classname="tests.test_time_rtw_cos_pensions_apis.TestCoSAPIs" name="test_cos_salary_checks_returns_issues" time="0.458" /><testcase classname="tests.test_time_rtw_cos_pensions_apis.TestCoSAPIs" name="test_cos_list_requires_auth" time="0.148" /><testcase classname="tests.test_time_rtw_cos_pensions_apis.TestPensionsAPIs" name="test_pensions_thresholds_returns_thresholds" time="0.417" /><testcase classname="tests.test_time_rtw_cos_pensions_apis.TestPensionsAPIs" name="test_pensions_schemes_returns_schemes" time="0.446" /><testcase classname="tests.test_time_rtw_cos_pensions_apis.TestPensionsAPIs" name="test_pensions_bulk_assess_runs_assessment" time="0.454" /><testcase classname="tests.test_time_rtw_cos_pensions_apis.TestPensionsAPIs" name="test_pensions_thresholds_requires_auth" time="0.140" /><testcase classname="tests.test_ukvi_enterprise_apis.TestUKVIComplianceAPIs" name="test_ukvi_dashboard_returns_compliance_data" time="0.432" /><testcase classname="tests.test_ukvi_enterprise_apis.TestUKVIComplianceAPIs" name="test_ukvi_visa_types_returns_list" time="0.477" /><testcase classname="tests.test_ukvi_enterprise_apis.TestUKVIComplianceAPIs" name="test_ukvi_alerts_returns_list" time="0.451" /><testcase classname="tests.test_ukvi_enterprise_apis.TestUKVIComplianceAPIs" name="test_ukvi_alerts_filter_by_resolved" time="0.449" /><testcase classname="tests.test_ukvi_enterprise_apis.TestUKVIComplianceAPIs" name="test_ukvi_reporting_checklist_returns_data" time="0.448" /><testcase classname="tests.test_ukvi_enterprise_apis.TestUKVIComplianceAPIs" name="test_ukvi_dashboard_requires_auth" time="0.133" /><testcase classname="tests.test_ukvi_enterprise_apis.TestEnterpriseAPIs" name="test_enterprise_roles_returns_list" time="0.431" /><testcase classname="tests.test_ukvi_enterprise_apis.TestEnterpriseAPIs" name="test_enterprise_permissions_returns_categorized_list" time="0.435" /><testcase classname="tests.test_ukvi_enterprise_apis.TestEnterpriseAPIs" name="test_enterprise_sso_config_returns_status" time="0.477" /><testcase classname="tests.test_ukvi_enterprise_apis.TestEnterpriseAPIs" name="test_enterprise_roles_requires_auth" time="0.145" /><testcase classname="tests.test_ukvi_enterprise_apis.TestEnterpriseAPIs" name="test_enterprise_permissions_requires_auth" time="0.140" /><testcase classname="tests.test_ukvi_enterprise_apis.TestRTISyncPollAPI" name="test_rti_poll_with_submitted_submission" time="0.505" /><testcase classname="tests.test_ukvi_enterprise_apis.TestRTISyncPollAPI" name="test_rti_poll_invalid_submission_returns_404" time="0.481" /><testcase classname="tests.test_ukvi_enterprise_apis.TestRTISyncPollAPI" name="test_rti_poll_non_submitted_returns_400" time="0.518" /><testcase classname="tests.test_ukvi_enterprise_apis.TestRTISyncPollAPI" name="test_rti_poll_requires_auth" time="0.139" /><testcase classname="tests.test_ukvi_enterprise_apis.TestDashboardAPI" name="test_dashboard_stats_returns_compliance_score" time="0.484" /></testsuite></testsuites>