<?xml version="1.0" encoding="utf-8"?><testsuites name="pytest tests"><testsuite name="pytest" errors="0" failures="4" skipped="0" tests="142" time="34.704" timestamp="2026-05-22T20:52:21.200460+00:00" hostname="agent-env-bd7a3b39-869d-486a-951f-0572fc8b83ec"><testcase classname="backend.tests.test_billing_statutory_offboarding_apis.TestStatutory" name="test_rates_public" time="0.185" /><testcase classname="backend.tests.test_billing_statutory_offboarding_apis.TestStatutory" name="test_active_requires_auth" time="0.057" /><testcase classname="backend.tests.test_billing_statutory_offboarding_apis.TestStatutory" name="test_active_with_auth" time="0.381" /><testcase classname="backend.tests.test_billing_statutory_offboarding_apis.TestStatutory" name="test_employee_listing" time="0.114" /><testcase classname="backend.tests.test_billing_statutory_offboarding_apis.TestStatutory" name="test_eps_summary" time="0.059" /><testcase classname="backend.tests.test_billing_statutory_offboarding_apis.TestStatutory" name="test_ssp_calculate" time="0.065" /><testcase classname="backend.tests.test_billing_statutory_offboarding_apis.TestStatutory" name="test_smp_calculate" time="0.057" /><testcase classname="backend.tests.test_billing_statutory_offboarding_apis.TestStatutory" name="test_spp_calculate" time="0.061" /><testcase classname="backend.tests.test_billing_statutory_offboarding_apis.TestStatutory" name="test_record_statutory_payment" time="0.063" /><testcase classname="backend.tests.test_billing_statutory_offboarding_apis.TestBilling" name="test_get_plans_requires_auth" time="0.127" /><testcase classname="backend.tests.test_billing_statutory_offboarding_apis.TestBilling" name="test_get_plans" time="0.077" /><testcase classname="backend.tests.test_billing_statutory_offboarding_apis.TestBilling" name="test_billing_info" time="0.067" /><testcase classname="backend.tests.test_billing_statutory_offboarding_apis.TestBilling" name="test_subscription_checkout_creates_session" time="0.701" /><testcase classname="backend.tests.test_billing_statutory_offboarding_apis.TestBilling" name="test_addon_checkout" time="0.416" /><testcase classname="backend.tests.test_billing_statutory_offboarding_apis.TestBilling" name="test_subscription_invalid_plan" time="0.054" /><testcase classname="backend.tests.test_billing_statutory_offboarding_apis.TestBilling" name="test_top_level_webhook_reachable" time="0.062" /><testcase classname="backend.tests.test_billing_statutory_offboarding_apis.TestOffboarding" name="test_reasons" time="0.058" /><testcase classname="backend.tests.test_billing_statutory_offboarding_apis.TestOffboarding" name="test_terminate_and_list_and_reinstate" time="0.216"><failure message="AssertionError: {&quot;detail&quot;:&quot;Downloads are disabled during the free trial. Upgrade your plan to enable downloads.&quot;}&#10;assert 403 == 200&#10; +  where 403 = &lt;Response [403]&gt;.status_code">E   AssertionError: {"detail":"Downloads are disabled during the free trial. Upgrade your plan to enable downloads."}
    assert 403 == 200
     +  where 403 = &lt;Response [403]&gt;.status_code</failure></testcase><testcase classname="backend.tests.test_billing_statutory_offboarding_apis.TestOffboarding" name="test_p45_400_when_not_terminated" time="0.133"><failure message="assert 403 == 400&#10; +  where 403 = &lt;Response [403]&gt;.status_code">E   assert 403 == 400
     +  where 403 = &lt;Response [403]&gt;.status_code</failure></testcase><testcase classname="backend.tests.test_billing_statutory_offboarding_apis.TestTaxDocs" name="test_p60_pdf" time="0.061"><failure message="AssertionError: {&quot;detail&quot;:&quot;Downloads are disabled during the free trial. Upgrade your plan to enable downloads.&quot;}&#10;assert 403 in (200, 400, 404)&#10; +  where 403 = &lt;Response [403]&gt;.status_code">E   AssertionError: {"detail":"Downloads are disabled during the free trial. Upgrade your plan to enable downloads."}
    assert 403 in (200, 400, 404)
     +  where 403 = &lt;Response [403]&gt;.status_code</failure></testcase><testcase classname="backend.tests.test_billing_statutory_offboarding_apis.TestTaxDocs" name="test_p11d_create_and_get" time="0.134"><failure message="AssertionError: {&quot;detail&quot;:&quot;Downloads are disabled during the free trial. Upgrade your plan to enable downloads.&quot;}&#10;assert 403 == 200&#10; +  where 403 = &lt;Response [403]&gt;.status_code">E   AssertionError: {"detail":"Downloads are disabled during the free trial. Upgrade your plan to enable downloads."}
    assert 403 == 200
     +  where 403 = &lt;Response [403]&gt;.status_code</failure></testcase><testcase classname="backend.tests.test_billing_statutory_offboarding_apis.TestTaxDocs" name="test_employee_documents_listing" time="0.060" /><testcase classname="backend.tests.test_billing_statutory_offboarding_apis.TestEmailWiring" name="test_visa_alerts_endpoint_reachable" time="0.083" /><testcase classname="backend.tests.test_billing_statutory_offboarding_apis.TestRegression" name="test_health" time="0.056" /><testcase classname="backend.tests.test_billing_statutory_offboarding_apis.TestRegression" name="test_employees_listing" time="0.055" /><testcase classname="backend.tests.test_billing_statutory_offboarding_apis.TestRegression" name="test_pensions_thresholds" time="0.067" /><testcase classname="backend.tests.test_billing_statutory_offboarding_apis.TestRegression" name="test_rtw_summary" time="0.070" /><testcase classname="backend.tests.test_billing_statutory_offboarding_apis.TestRegression" name="test_ukvi_dashboard" time="0.180" /><testcase classname="backend.tests.test_billing_statutory_offboarding_apis.TestRegression" name="test_cos_list" time="0.083" /><testcase classname="backend.tests.test_billing_statutory_offboarding_apis.TestRegression" name="test_time_timesheets" time="0.069" /><testcase classname="backend.tests.test_iter10_sandbox_studentloan.TestSandboxDemo" name="test_sandbox_endpoint_no_auth_required" time="0.152" /><testcase classname="backend.tests.test_iter10_sandbox_studentloan.TestSandboxDemo" name="test_sandbox_token_works_as_bearer" time="0.109" /><testcase classname="backend.tests.test_iter10_sandbox_studentloan.TestSandboxDemo" name="test_sandbox_company_is_seeded" time="0.375" /><testcase classname="backend.tests.test_iter10_sandbox_studentloan.TestSandboxDemo" name="test_sandbox_cleanup_idempotent" time="0.402" /><testcase classname="backend.tests.test_iter10_sandbox_studentloan.TestEmployeeModelFields" name="test_create_employee_with_immigration_and_loan_fields" time="0.507" /><testcase classname="backend.tests.test_iter10_sandbox_studentloan.TestEmployeeModelFields" name="test_get_employee_returns_persisted_fields" time="0.128" /><testcase classname="backend.tests.test_iter10_sandbox_studentloan.TestEmployeeModelFields" name="test_ukvi_salary_threshold_breach_via_crud" time="0.271" /><testcase classname="backend.tests.test_iter10_sandbox_studentloan.TestCompanyResponseModel" name="test_company_returns_hmrc_and_sponsor_fields" time="0.237" /><testcase classname="backend.tests.test_iter10_sandbox_studentloan.TestStudentLoanPayroll" name="test_payslip_includes_student_loan" time="0.394" /><testcase classname="backend.tests.test_iter10_sandbox_studentloan.TestRegressionSmoke" name="test_health" time="0.106" /><testcase classname="backend.tests.test_iter10_sandbox_studentloan.TestRegressionSmoke" name="test_demo_seed_still_works" time="0.151" /><testcase classname="backend.tests.test_iter10_sandbox_studentloan.TestRegressionSmoke" name="test_auth_login_existing_user_or_skip" time="0.332" /><testcase classname="backend.tests.test_iter11_team_portal.TestTeamManagement" name="test_list_users" time="0.251" /><testcase classname="backend.tests.test_iter11_team_portal.TestTeamManagement" name="test_invite_requires_auth" time="0.115" /><testcase classname="backend.tests.test_iter11_team_portal.TestTeamManagement" name="test_invite_rejects_invalid_role" time="0.113" /><testcase classname="backend.tests.test_iter11_team_portal.TestTeamManagement" name="test_invite_rejects_unknown_role" time="0.111" /><testcase classname="backend.tests.test_iter11_team_portal.TestTeamManagement" name="test_full_invite_flow" time="2.039" /><testcase classname="backend.tests.test_iter11_team_portal.TestTeamManagement" name="test_revoke_invite" time="0.375" /><testcase classname="backend.tests.test_iter11_team_portal.TestStripePortal" name="test_portal_requires_owner" time="0.135" /><testcase classname="backend.tests.test_iter11_team_portal.TestStripePortal" name="test_portal_requires_auth" time="0.158" /><testcase classname="backend.tests.test_iter11_team_portal.TestRegressionSmoke" name="test_plans_reachable" time="0.157" /><testcase classname="backend.tests.test_iter11_team_portal.TestRegressionSmoke" name="test_billing_info_owner" time="0.136" /><testcase classname="backend.tests.test_iter11_team_portal.TestRegressionSmoke" name="test_dashboard_stats" time="0.116" /><testcase classname="backend.tests.test_iter11_team_portal.TestRegressionSmoke" name="test_audit_log" time="0.112" /><testcase classname="backend.tests.test_iter12_trial_paywall.TestTrialAutoStart" name="test_register_sets_trial_active" time="0.435" /><testcase classname="backend.tests.test_iter12_trial_paywall.TestTrialAutoStart" name="test_sandbox_does_not_set_trial" time="0.302" /><testcase classname="backend.tests.test_iter12_trial_paywall.TestPayslipDownloadGate" name="test_download_blocked_during_trial" time="0.224" /><testcase classname="backend.tests.test_iter12_trial_paywall.TestPayslipDownloadGate" name="test_checkout_payslip_blocked_during_trial" time="0.080" /><testcase classname="backend.tests.test_iter12_trial_paywall.TestPayslipDownloadGate" name="test_self_service_download_blocked_during_trial" time="0.083" /><testcase classname="backend.tests.test_iter12_trial_paywall.TestPostTrialPaywall" name="test_status_after_expiry" time="0.085" /><testcase classname="backend.tests.test_iter12_trial_paywall.TestPostTrialPaywall" name="test_download_returns_402_after_trial" time="0.223" /><testcase classname="backend.tests.test_iter12_trial_paywall.TestPostTrialPaywall" name="test_checkout_payslip_returns_stripe_url" time="0.590" /><testcase classname="backend.tests.test_iter12_trial_paywall.TestDownloadPass" name="test_pass_grants_access" time="0.178" /><testcase classname="backend.tests.test_iter12_trial_paywall.TestScheduler" name="test_scheduler_has_4_jobs" time="0.027" /><testcase classname="backend.tests.test_iter12_trial_paywall.TestSandboxDownloadsAllowed" name="test_sandbox_can_download_payslip" time="0.264" /><testcase classname="backend.tests.test_iter13_iter13_new_scope.TestPaymentsUsage" name="test_usage_this_month_for_fresh_user" time="0.471" /><testcase classname="backend.tests.test_iter13_iter13_new_scope.TestPaymentsUsage" name="test_receipt_404_when_no_transaction" time="0.142" /><testcase classname="backend.tests.test_iter13_iter13_new_scope.TestPaymentsUsage" name="test_checkout_addon_bulk_returns_stripe_url" time="0.514" /><testcase classname="backend.tests.test_iter13_iter13_new_scope.TestTaxDocsPaywall" name="test_p60_paywall_402" time="0.278" /><testcase classname="backend.tests.test_iter13_iter13_new_scope.TestPerformance" name="test_objective_create_list_update_delete" time="0.542" /><testcase classname="backend.tests.test_iter13_iter13_new_scope.TestPerformance" name="test_appraisal_create_list" time="0.362" /><testcase classname="backend.tests.test_iter13_iter13_new_scope.TestPerformance" name="test_note_private_flag_hidden_from_employee" time="0.576" /><testcase classname="backend.tests.test_iter13_iter13_new_scope.TestCases" name="test_types_endpoint" time="0.116" /><testcase classname="backend.tests.test_iter13_iter13_new_scope.TestCases" name="test_employee_role_blocked_from_cases" time="0.112" /><testcase classname="backend.tests.test_iter13_iter13_new_scope.TestCases" name="test_case_full_lifecycle" time="0.509" /><testcase classname="backend.tests.test_iter13_iter13_new_scope.TestCases" name="test_secure_doc_upload_download" time="0.262" /><testcase classname="backend.tests.test_iter13_iter13_new_scope.TestSuperAdmin" name="test_non_admin_403" time="0.170" /><testcase classname="backend.tests.test_iter13_iter13_new_scope.TestSuperAdmin" name="test_metrics" time="0.481" /><testcase classname="backend.tests.test_iter13_iter13_new_scope.TestSuperAdmin" name="test_companies_list" time="0.163" /><testcase classname="backend.tests.test_iter13_iter13_new_scope.TestSuperAdmin" name="test_suspend_restore" time="0.231" /><testcase classname="backend.tests.test_iter13_iter13_new_scope.TestSuperAdmin" name="test_feature_flag_set" time="0.147" /><testcase classname="backend.tests.test_iter13_iter13_new_scope.TestSuperAdmin" name="test_impersonate" time="0.230" /><testcase classname="backend.tests.test_iter13_iter13_new_scope.TestSuperAdmin" name="test_audit_log" time="0.108" /><testcase classname="backend.tests.test_iter13_iter13_new_scope.TestSuperAdmin" name="test_kill_switch" time="0.121" /><testcase classname="backend.tests.test_iter13_iter13_new_scope.TestLeaveDocumentsRegression" name="test_leave_create_and_list" time="0.299" /><testcase classname="backend.tests.test_iter13_iter13_new_scope.TestLeaveDocumentsRegression" name="test_documents_create_and_list" time="0.275" /><testcase classname="backend.tests.test_iter9_demo_yearend_admin_apis.TestDemoTour" name="test_demo_status_initially_off" time="0.445" /><testcase classname="backend.tests.test_iter9_demo_yearend_admin_apis.TestDemoTour" name="test_demo_seed" time="0.083" /><testcase classname="backend.tests.test_iter9_demo_yearend_admin_apis.TestDemoTour" name="test_demo_seed_idempotent" time="0.230" /><testcase classname="backend.tests.test_iter9_demo_yearend_admin_apis.TestDemoTour" name="test_demo_status_after_seed" time="0.076" /><testcase classname="backend.tests.test_iter9_demo_yearend_admin_apis.TestStatutoryShPPandSAP" name="test_shpp_calculate" time="0.223" /><testcase classname="backend.tests.test_iter9_demo_yearend_admin_apis.TestStatutoryShPPandSAP" name="test_shpp_invalid_weeks" time="0.071" /><testcase classname="backend.tests.test_iter9_demo_yearend_admin_apis.TestStatutoryShPPandSAP" name="test_sap_calculate" time="0.074" /><testcase classname="backend.tests.test_iter9_demo_yearend_admin_apis.TestYearEnd" name="test_preview" time="0.078" /><testcase classname="backend.tests.test_iter9_demo_yearend_admin_apis.TestYearEnd" name="test_preview_invalid_tax_year" time="0.077" /><testcase classname="backend.tests.test_iter9_demo_yearend_admin_apis.TestYearEnd" name="test_close" time="0.091" /><testcase classname="backend.tests.test_iter9_demo_yearend_admin_apis.TestAdmin" name="test_student_loan_plans" time="0.076" /><testcase classname="backend.tests.test_iter9_demo_yearend_admin_apis.TestAdmin" name="test_retention_policy" time="0.073" /><testcase classname="backend.tests.test_iter9_demo_yearend_admin_apis.TestAdmin" name="test_retention_run_owner_dryrun" time="0.088" /><testcase classname="backend.tests.test_iter9_demo_yearend_admin_apis.TestAdmin" name="test_retention_run_non_owner_forbidden" time="0.141" /><testcase classname="backend.tests.test_iter9_demo_yearend_admin_apis.TestPayeValidation" name="test_paye_invalid_format" time="0.071" /><testcase classname="backend.tests.test_iter9_demo_yearend_admin_apis.TestPayeValidation" name="test_paye_valid_format_persists" time="0.151" /><testcase classname="backend.tests.test_iter9_demo_yearend_admin_apis.TestUKVISalaryThreshold" name="test_threshold_alert_generated" time="0.395" /><testcase classname="backend.tests.test_iter9_demo_yearend_admin_apis.TestRegression" name="test_employees_list" time="0.071" /><testcase classname="backend.tests.test_iter9_demo_yearend_admin_apis.TestRegression" name="test_statutory_rates" time="0.068" /><testcase classname="backend.tests.test_iter9_demo_yearend_admin_apis.TestRegression" name="test_payments_plans_listing" time="0.157" /><testcase classname="backend.tests.test_time_rtw_cos_pensions_apis.TestTimeSchedulingAPIs" name="test_time_status_returns_clock_status" time="0.412" /><testcase classname="backend.tests.test_time_rtw_cos_pensions_apis.TestTimeSchedulingAPIs" name="test_time_status_requires_auth" time="0.111" /><testcase classname="backend.tests.test_time_rtw_cos_pensions_apis.TestTimeSchedulingAPIs" name="test_time_shifts_returns_shifts" time="0.446" /><testcase classname="backend.tests.test_time_rtw_cos_pensions_apis.TestTimeSchedulingAPIs" name="test_time_rotas_returns_rotas" time="0.432" /><testcase classname="backend.tests.test_time_rtw_cos_pensions_apis.TestTimeSchedulingAPIs" name="test_time_timesheets_returns_timesheets" time="0.434" /><testcase classname="backend.tests.test_time_rtw_cos_pensions_apis.TestTimeSchedulingAPIs" name="test_clock_in_requires_auth" time="0.134" /><testcase classname="backend.tests.test_time_rtw_cos_pensions_apis.TestTimeSchedulingAPIs" name="test_clock_out_requires_auth" time="0.111" /><testcase classname="backend.tests.test_time_rtw_cos_pensions_apis.TestRTWAPIs" name="test_rtw_summary_returns_summary" time="0.446" /><testcase classname="backend.tests.test_time_rtw_cos_pensions_apis.TestRTWAPIs" name="test_rtw_check_types_returns_types" time="0.404" /><testcase classname="backend.tests.test_time_rtw_cos_pensions_apis.TestRTWAPIs" name="test_rtw_expiring_returns_expiring_employees" time="0.402" /><testcase classname="backend.tests.test_time_rtw_cos_pensions_apis.TestRTWAPIs" name="test_rtw_expiring_with_custom_days" time="0.426" /><testcase classname="backend.tests.test_time_rtw_cos_pensions_apis.TestRTWAPIs" name="test_rtw_summary_requires_auth" time="0.130" /><testcase classname="backend.tests.test_time_rtw_cos_pensions_apis.TestCoSAPIs" name="test_cos_list_returns_certificates" time="0.382" /><testcase classname="backend.tests.test_time_rtw_cos_pensions_apis.TestCoSAPIs" name="test_cos_soc_codes_search" time="0.453" /><testcase classname="backend.tests.test_time_rtw_cos_pensions_apis.TestCoSAPIs" name="test_cos_salary_checks_returns_issues" time="0.428" /><testcase classname="backend.tests.test_time_rtw_cos_pensions_apis.TestCoSAPIs" name="test_cos_list_requires_auth" time="0.113" /><testcase classname="backend.tests.test_time_rtw_cos_pensions_apis.TestPensionsAPIs" name="test_pensions_thresholds_returns_thresholds" time="0.421" /><testcase classname="backend.tests.test_time_rtw_cos_pensions_apis.TestPensionsAPIs" name="test_pensions_schemes_returns_schemes" time="0.384" /><testcase classname="backend.tests.test_time_rtw_cos_pensions_apis.TestPensionsAPIs" name="test_pensions_bulk_assess_runs_assessment" time="0.391" /><testcase classname="backend.tests.test_time_rtw_cos_pensions_apis.TestPensionsAPIs" name="test_pensions_thresholds_requires_auth" time="0.118" /><testcase classname="backend.tests.test_ukvi_enterprise_apis.TestUKVIComplianceAPIs" name="test_ukvi_dashboard_returns_compliance_data" time="0.430" /><testcase classname="backend.tests.test_ukvi_enterprise_apis.TestUKVIComplianceAPIs" name="test_ukvi_visa_types_returns_list" time="0.425" /><testcase classname="backend.tests.test_ukvi_enterprise_apis.TestUKVIComplianceAPIs" name="test_ukvi_alerts_returns_list" time="0.425" /><testcase classname="backend.tests.test_ukvi_enterprise_apis.TestUKVIComplianceAPIs" name="test_ukvi_alerts_filter_by_resolved" time="0.461" /><testcase classname="backend.tests.test_ukvi_enterprise_apis.TestUKVIComplianceAPIs" name="test_ukvi_reporting_checklist_returns_data" time="0.444" /><testcase classname="backend.tests.test_ukvi_enterprise_apis.TestUKVIComplianceAPIs" name="test_ukvi_dashboard_requires_auth" time="0.120" /><testcase classname="backend.tests.test_ukvi_enterprise_apis.TestEnterpriseAPIs" name="test_enterprise_roles_returns_list" time="0.458" /><testcase classname="backend.tests.test_ukvi_enterprise_apis.TestEnterpriseAPIs" name="test_enterprise_permissions_returns_categorized_list" time="0.476" /><testcase classname="backend.tests.test_ukvi_enterprise_apis.TestEnterpriseAPIs" name="test_enterprise_sso_config_returns_status" time="0.388" /><testcase classname="backend.tests.test_ukvi_enterprise_apis.TestEnterpriseAPIs" name="test_enterprise_roles_requires_auth" time="0.111" /><testcase classname="backend.tests.test_ukvi_enterprise_apis.TestEnterpriseAPIs" name="test_enterprise_permissions_requires_auth" time="0.138" /><testcase classname="backend.tests.test_ukvi_enterprise_apis.TestRTISyncPollAPI" name="test_rti_poll_with_submitted_submission" time="0.469" /><testcase classname="backend.tests.test_ukvi_enterprise_apis.TestRTISyncPollAPI" name="test_rti_poll_invalid_submission_returns_404" time="0.429" /><testcase classname="backend.tests.test_ukvi_enterprise_apis.TestRTISyncPollAPI" name="test_rti_poll_non_submitted_returns_400" time="0.432" /><testcase classname="backend.tests.test_ukvi_enterprise_apis.TestRTISyncPollAPI" name="test_rti_poll_requires_auth" time="0.111" /><testcase classname="backend.tests.test_ukvi_enterprise_apis.TestDashboardAPI" name="test_dashboard_stats_returns_compliance_score" time="0.392" /></testsuite></testsuites>