<?xml version="1.0" encoding="utf-8"?><testsuites name="pytest tests"><testsuite name="pytest" errors="0" failures="1" skipped="0" tests="15" time="11.521" timestamp="2026-01-15T01:30:22.877039+00:00" hostname="agent-env-fb6227a5-c961-4a36-8241-7d15a094bf91"><testcase classname="tests.test_hmrc_selfservice.TestHMRCRoutes" name="test_hmrc_submissions_list" time="0.332" /><testcase classname="tests.test_hmrc_selfservice.TestHMRCRoutes" name="test_hmrc_validate_payrun_no_payrun" time="0.274" /><testcase classname="tests.test_hmrc_selfservice.TestHMRCRoutes" name="test_hmrc_health_check_no_payrun" time="0.273" /><testcase classname="tests.test_hmrc_selfservice.TestHMRCRoutes" name="test_hmrc_fps_submit_no_payrun" time="0.269" /><testcase classname="tests.test_hmrc_selfservice.TestHMRCWithPayRun" name="test_get_existing_payruns" time="0.269" /><testcase classname="tests.test_hmrc_selfservice.TestHMRCWithPayRun" name="test_hmrc_validate_existing_payrun" time="0.359" /><testcase classname="tests.test_hmrc_selfservice.TestHMRCWithPayRun" name="test_hmrc_health_check_existing_payrun" time="0.309" /><testcase classname="tests.test_hmrc_selfservice.TestSelfServiceRoutes" name="test_self_service_profile" time="0.267" /><testcase classname="tests.test_hmrc_selfservice.TestSelfServiceRoutes" name="test_self_service_payslips" time="0.311" /><testcase classname="tests.test_hmrc_selfservice.TestSelfServiceRoutes" name="test_self_service_leave_balance" time="0.268" /><testcase classname="tests.test_hmrc_selfservice.TestSelfServiceRoutes" name="test_self_service_leave_requests" time="0.346" /><testcase classname="tests.test_hmrc_selfservice.TestSelfServiceRoutes" name="test_self_service_profile_update" time="0.423"><failure message="AssertionError: Expected 200 or 403, got 404: {&quot;detail&quot;:&quot;Employee profile not found&quot;}&#10;assert 404 == 200&#10; +  where 404 = &lt;Response [404]&gt;.status_code">tests/test_hmrc_selfservice.py:261: in test_self_service_profile_update
    assert response.status_code == 200, f"Expected 200 or 403, got {response.status_code}: {response.text}"
E   AssertionError: Expected 200 or 403, got 404: {"detail":"Employee profile not found"}
E   assert 404 == 200
E    +  where 404 = &lt;Response [404]&gt;.status_code</failure></testcase><testcase classname="tests.test_hmrc_selfservice.TestNavigationAndIntegration" name="test_api_health" time="0.893" /><testcase classname="tests.test_hmrc_selfservice.TestNavigationAndIntegration" name="test_dashboard_stats" time="0.844" /><testcase classname="tests.test_hmrc_selfservice.TestNavigationAndIntegration" name="test_copilot_chat" time="5.991" /></testsuite></testsuites>