<?xml version="1.0" encoding="utf-8"?><testsuites name="pytest tests"><testsuite name="pytest" errors="0" failures="0" skipped="1" tests="9" time="2.921" timestamp="2026-01-17T01:42:30.473573+00:00" hostname="agent-env-fb6227a5-c961-4a36-8241-7d15a094bf91"><testcase classname="tests.test_rti_sync_engine.TestRTISyncStatus" name="test_rti_sync_status" time="0.352" /><testcase classname="tests.test_rti_sync_engine.TestRTISyncSubmissions" name="test_rti_submissions_list" time="0.274" /><testcase classname="tests.test_rti_sync_engine.TestRTIHealthCheck" name="test_rti_health_check_nonexistent" time="0.311" /><testcase classname="tests.test_rti_sync_engine.TestRTIHealthCheck" name="test_rti_health_check_existing" time="0.284" /><testcase classname="tests.test_rti_sync_engine.TestRTIFullWorkflow" name="test_rti_prepare_nonexistent_payrun" time="0.312" /><testcase classname="tests.test_rti_sync_engine.TestRTIFullWorkflow" name="test_rti_full_workflow" time="0.410" /><testcase classname="tests.test_rti_sync_engine.TestRTIApprovalValidation" name="test_approve_wrong_confirmation" time="0.357" /><testcase classname="tests.test_rti_sync_engine.TestRTIApprovalValidation" name="test_submit_without_disclaimer" time="0.276"><skipped type="pytest.skip" message="No approved submissions available for testing">/app/tests/test_rti_sync_engine.py:361: No approved submissions available for testing</skipped></testcase><testcase classname="tests.test_rti_sync_engine.TestRTIReceipts" name="test_rti_receipts_list" time="0.268" /></testsuite></testsuites>