<?xml version="1.0" encoding="utf-8"?><testsuites name="pytest tests"><testsuite name="pytest" errors="0" failures="0" skipped="0" tests="20" time="40.997" timestamp="2026-01-14T23:57:57.124066+00:00" hostname="agent-env-fb6227a5-c961-4a36-8241-7d15a094bf91"><testcase classname="tests.test_realtouchhr_features.TestHealthAndAuth" name="test_01_health_check" time="0.098" /><testcase classname="tests.test_realtouchhr_features.TestHealthAndAuth" name="test_02_register_test_user" time="0.265" /><testcase classname="tests.test_realtouchhr_features.TestHealthAndAuth" name="test_03_login_test_user" time="0.267" /><testcase classname="tests.test_realtouchhr_features.TestHealthAndAuth" name="test_04_get_current_user" time="0.036" /><testcase classname="tests.test_realtouchhr_features.TestDashboard" name="test_05_dashboard_stats" time="0.046" /><testcase classname="tests.test_realtouchhr_features.TestDashboard" name="test_06_compliance_score" time="0.043" /><testcase classname="tests.test_realtouchhr_features.TestEmployeeCRUD" name="test_07_create_employee" time="0.047" /><testcase classname="tests.test_realtouchhr_features.TestEmployeeCRUD" name="test_08_get_employees" time="0.039" /><testcase classname="tests.test_realtouchhr_features.TestEmployeeCRUD" name="test_09_get_single_employee" time="0.040" /><testcase classname="tests.test_realtouchhr_features.TestEmployeeCRUD" name="test_10_update_employee" time="0.095" /><testcase classname="tests.test_realtouchhr_features.TestPayroll" name="test_11_create_pay_run" time="0.047" /><testcase classname="tests.test_realtouchhr_features.TestPayroll" name="test_12_get_pay_runs" time="0.037" /><testcase classname="tests.test_realtouchhr_features.TestPayroll" name="test_13_get_payslips" time="0.045" /><testcase classname="tests.test_realtouchhr_features.TestPayroll" name="test_14_download_payslip_pdf" time="0.083" /><testcase classname="tests.test_realtouchhr_features.TestPayroll" name="test_15_download_all_payslips_pdf" time="0.045" /><testcase classname="tests.test_realtouchhr_features.TestAICopilot" name="test_16_copilot_chat_basic" time="15.575" /><testcase classname="tests.test_realtouchhr_features.TestAICopilot" name="test_17_copilot_chat_compliance" time="5.277" /><testcase classname="tests.test_realtouchhr_features.TestAICopilot" name="test_18_copilot_chat_approval_required" time="18.685" /><testcase classname="tests.test_realtouchhr_features.TestNotifications" name="test_19_get_notifications" time="0.076" /><testcase classname="tests.test_realtouchhr_features.TestAuditLog" name="test_20_get_audit_log" time="0.073" /></testsuite></testsuites>