<?xml version="1.0" encoding="utf-8"?><testsuites name="pytest tests"><testsuite name="pytest" errors="0" failures="0" skipped="0" tests="16" time="5.829" timestamp="2026-04-29T22:27:25.357729+00:00" hostname="agent-env-0a721390-fdfd-40f4-aaf4-1e90c583fcc4"><testcase classname="backend.tests.test_ukvi_enterprise_apis.TestUKVIComplianceAPIs" name="test_ukvi_dashboard_returns_compliance_data" time="0.548" /><testcase classname="backend.tests.test_ukvi_enterprise_apis.TestUKVIComplianceAPIs" name="test_ukvi_visa_types_returns_list" time="0.495" /><testcase classname="backend.tests.test_ukvi_enterprise_apis.TestUKVIComplianceAPIs" name="test_ukvi_alerts_returns_list" time="0.389" /><testcase classname="backend.tests.test_ukvi_enterprise_apis.TestUKVIComplianceAPIs" name="test_ukvi_alerts_filter_by_resolved" time="0.384" /><testcase classname="backend.tests.test_ukvi_enterprise_apis.TestUKVIComplianceAPIs" name="test_ukvi_reporting_checklist_returns_data" time="0.441" /><testcase classname="backend.tests.test_ukvi_enterprise_apis.TestUKVIComplianceAPIs" name="test_ukvi_dashboard_requires_auth" time="0.128" /><testcase classname="backend.tests.test_ukvi_enterprise_apis.TestEnterpriseAPIs" name="test_enterprise_roles_returns_list" time="0.429" /><testcase classname="backend.tests.test_ukvi_enterprise_apis.TestEnterpriseAPIs" name="test_enterprise_permissions_returns_categorized_list" time="0.389" /><testcase classname="backend.tests.test_ukvi_enterprise_apis.TestEnterpriseAPIs" name="test_enterprise_sso_config_returns_status" time="0.379" /><testcase classname="backend.tests.test_ukvi_enterprise_apis.TestEnterpriseAPIs" name="test_enterprise_roles_requires_auth" time="0.116" /><testcase classname="backend.tests.test_ukvi_enterprise_apis.TestEnterpriseAPIs" name="test_enterprise_permissions_requires_auth" time="0.133" /><testcase classname="backend.tests.test_ukvi_enterprise_apis.TestRTISyncPollAPI" name="test_rti_poll_with_submitted_submission" time="0.425" /><testcase classname="backend.tests.test_ukvi_enterprise_apis.TestRTISyncPollAPI" name="test_rti_poll_invalid_submission_returns_404" time="0.383" /><testcase classname="backend.tests.test_ukvi_enterprise_apis.TestRTISyncPollAPI" name="test_rti_poll_non_submitted_returns_400" time="0.538" /><testcase classname="backend.tests.test_ukvi_enterprise_apis.TestRTISyncPollAPI" name="test_rti_poll_requires_auth" time="0.167" /><testcase classname="backend.tests.test_ukvi_enterprise_apis.TestDashboardAPI" name="test_dashboard_stats_returns_compliance_score" time="0.426" /></testsuite></testsuites>