<?xml version="1.0" encoding="utf-8"?><testsuites name="pytest tests"><testsuite name="pytest" errors="0" failures="0" skipped="0" tests="20" time="6.290" timestamp="2026-04-29T23:23:41.844484+00:00" hostname="agent-env-0a721390-fdfd-40f4-aaf4-1e90c583fcc4"><testcase classname="backend.tests.test_time_rtw_cos_pensions_apis.TestTimeSchedulingAPIs" name="test_time_status_returns_clock_status" time="0.471" /><testcase classname="backend.tests.test_time_rtw_cos_pensions_apis.TestTimeSchedulingAPIs" name="test_time_status_requires_auth" time="0.107" /><testcase classname="backend.tests.test_time_rtw_cos_pensions_apis.TestTimeSchedulingAPIs" name="test_time_shifts_returns_shifts" time="0.381" /><testcase classname="backend.tests.test_time_rtw_cos_pensions_apis.TestTimeSchedulingAPIs" name="test_time_rotas_returns_rotas" time="0.398" /><testcase classname="backend.tests.test_time_rtw_cos_pensions_apis.TestTimeSchedulingAPIs" name="test_time_timesheets_returns_timesheets" time="0.383" /><testcase classname="backend.tests.test_time_rtw_cos_pensions_apis.TestTimeSchedulingAPIs" name="test_clock_in_requires_auth" time="0.136" /><testcase classname="backend.tests.test_time_rtw_cos_pensions_apis.TestTimeSchedulingAPIs" name="test_clock_out_requires_auth" time="0.104" /><testcase classname="backend.tests.test_time_rtw_cos_pensions_apis.TestRTWAPIs" name="test_rtw_summary_returns_summary" time="0.378" /><testcase classname="backend.tests.test_time_rtw_cos_pensions_apis.TestRTWAPIs" name="test_rtw_check_types_returns_types" time="0.380" /><testcase classname="backend.tests.test_time_rtw_cos_pensions_apis.TestRTWAPIs" name="test_rtw_expiring_returns_expiring_employees" time="0.410" /><testcase classname="backend.tests.test_time_rtw_cos_pensions_apis.TestRTWAPIs" name="test_rtw_expiring_with_custom_days" time="0.386" /><testcase classname="backend.tests.test_time_rtw_cos_pensions_apis.TestRTWAPIs" name="test_rtw_summary_requires_auth" time="0.106" /><testcase classname="backend.tests.test_time_rtw_cos_pensions_apis.TestCoSAPIs" name="test_cos_list_returns_certificates" time="0.379" /><testcase classname="backend.tests.test_time_rtw_cos_pensions_apis.TestCoSAPIs" name="test_cos_soc_codes_search" time="0.406" /><testcase classname="backend.tests.test_time_rtw_cos_pensions_apis.TestCoSAPIs" name="test_cos_salary_checks_returns_issues" time="0.373" /><testcase classname="backend.tests.test_time_rtw_cos_pensions_apis.TestCoSAPIs" name="test_cos_list_requires_auth" time="0.111" /><testcase classname="backend.tests.test_time_rtw_cos_pensions_apis.TestPensionsAPIs" name="test_pensions_thresholds_returns_thresholds" time="0.384" /><testcase classname="backend.tests.test_time_rtw_cos_pensions_apis.TestPensionsAPIs" name="test_pensions_schemes_returns_schemes" time="0.443" /><testcase classname="backend.tests.test_time_rtw_cos_pensions_apis.TestPensionsAPIs" name="test_pensions_bulk_assess_runs_assessment" time="0.406" /><testcase classname="backend.tests.test_time_rtw_cos_pensions_apis.TestPensionsAPIs" name="test_pensions_thresholds_requires_auth" time="0.108" /></testsuite></testsuites>