<?xml version="1.0" encoding="utf-8"?><testsuites name="pytest tests"><testsuite name="pytest" errors="0" failures="0" skipped="0" tests="15" time="15.767" timestamp="2026-01-15T01:30:54.342738+00:00" hostname="agent-env-fb6227a5-c961-4a36-8241-7d15a094bf91"><testcase classname="tests.test_hmrc_selfservice.TestHMRCRoutes" name="test_hmrc_submissions_list" time="0.292" /><testcase classname="tests.test_hmrc_selfservice.TestHMRCRoutes" name="test_hmrc_validate_payrun_no_payrun" time="0.265" /><testcase classname="tests.test_hmrc_selfservice.TestHMRCRoutes" name="test_hmrc_health_check_no_payrun" time="0.269" /><testcase classname="tests.test_hmrc_selfservice.TestHMRCRoutes" name="test_hmrc_fps_submit_no_payrun" time="0.263" /><testcase classname="tests.test_hmrc_selfservice.TestHMRCWithPayRun" name="test_get_existing_payruns" time="0.264" /><testcase classname="tests.test_hmrc_selfservice.TestHMRCWithPayRun" name="test_hmrc_validate_existing_payrun" time="0.281" /><testcase classname="tests.test_hmrc_selfservice.TestHMRCWithPayRun" name="test_hmrc_health_check_existing_payrun" time="0.324" /><testcase classname="tests.test_hmrc_selfservice.TestSelfServiceRoutes" name="test_self_service_profile" time="0.305" /><testcase classname="tests.test_hmrc_selfservice.TestSelfServiceRoutes" name="test_self_service_payslips" time="0.271" /><testcase classname="tests.test_hmrc_selfservice.TestSelfServiceRoutes" name="test_self_service_leave_balance" time="0.307" /><testcase classname="tests.test_hmrc_selfservice.TestSelfServiceRoutes" name="test_self_service_leave_requests" time="0.334" /><testcase classname="tests.test_hmrc_selfservice.TestSelfServiceRoutes" name="test_self_service_profile_update" time="0.273" /><testcase classname="tests.test_hmrc_selfservice.TestNavigationAndIntegration" name="test_api_health" time="0.316" /><testcase classname="tests.test_hmrc_selfservice.TestNavigationAndIntegration" name="test_dashboard_stats" time="0.271" /><testcase classname="tests.test_hmrc_selfservice.TestNavigationAndIntegration" name="test_copilot_chat" time="11.671" /></testsuite></testsuites>